TimeQuest Timing Analyzer report for ULAcompleta
Fri Mar 15 13:12:22 2024
Quartus II 64-Bit Version 13.0.1 Build 232 06/12/2013 Service Pack 1 SJ Web Edition


---------------------
; Table of Contents ;
---------------------
  1. Legal Notice
  2. TimeQuest Timing Analyzer Summary
  3. Parallel Compilation
  4. Clocks
  5. Slow Model Fmax Summary
  6. Slow Model Setup Summary
  7. Slow Model Hold Summary
  8. Slow Model Recovery Summary
  9. Slow Model Removal Summary
 10. Slow Model Minimum Pulse Width Summary
 11. Propagation Delay
 12. Minimum Propagation Delay
 13. Fast Model Setup Summary
 14. Fast Model Hold Summary
 15. Fast Model Recovery Summary
 16. Fast Model Removal Summary
 17. Fast Model Minimum Pulse Width Summary
 18. Propagation Delay
 19. Minimum Propagation Delay
 20. Multicorner Timing Analysis Summary
 21. Progagation Delay
 22. Minimum Progagation Delay
 23. Clock Transfers
 24. Report TCCS
 25. Report RSKM
 26. Unconstrained Paths
 27. TimeQuest Timing Analyzer Messages



----------------
; Legal Notice ;
----------------
Copyright (C) 1991-2013 Altera Corporation
Your use of Altera Corporation's design tools, logic functions 
and other software and tools, and its AMPP partner logic 
functions, and any output files from any of the foregoing 
(including device programming or simulation files), and any 
associated documentation or information are expressly subject 
to the terms and conditions of the Altera Program License 
Subscription Agreement, Altera MegaCore Function License 
Agreement, or other applicable license agreement, including, 
without limitation, that your use is for the sole purpose of 
programming logic devices manufactured by Altera and sold by 
Altera or its authorized distributors.  Please refer to the 
applicable agreement for further details.



+----------------------------------------------------------------------------------------+
; TimeQuest Timing Analyzer Summary                                                      ;
+--------------------+-------------------------------------------------------------------+
; Quartus II Version ; Version 13.0.1 Build 232 06/12/2013 Service Pack 1 SJ Web Edition ;
; Revision Name      ; ULAcompleta                                                       ;
; Device Family      ; Cyclone II                                                        ;
; Device Name        ; EP2C35F672C6                                                      ;
; Timing Models      ; Final                                                             ;
; Delay Model        ; Combined                                                          ;
; Rise/Fall Delays   ; Unavailable                                                       ;
+--------------------+-------------------------------------------------------------------+


Parallel compilation was disabled, but you have multiple processors available. Enable parallel compilation to reduce compilation time.
+-------------------------------------+
; Parallel Compilation                ;
+----------------------------+--------+
; Processors                 ; Number ;
+----------------------------+--------+
; Number detected on machine ; 4      ;
; Maximum allowed            ; 1      ;
+----------------------------+--------+


----------
; Clocks ;
----------
No clocks to report.


---------------------------
; Slow Model Fmax Summary ;
---------------------------
No paths to report.


----------------------------
; Slow Model Setup Summary ;
----------------------------
No paths to report.


---------------------------
; Slow Model Hold Summary ;
---------------------------
No paths to report.


-------------------------------
; Slow Model Recovery Summary ;
-------------------------------
No paths to report.


------------------------------
; Slow Model Removal Summary ;
------------------------------
No paths to report.


------------------------------------------
; Slow Model Minimum Pulse Width Summary ;
------------------------------------------
No paths to report.


+--------------------------------------------------------------+
; Propagation Delay                                            ;
+------------+-------------+--------+--------+--------+--------+
; Input Port ; Output Port ; RR     ; RF     ; FR     ; FF     ;
+------------+-------------+--------+--------+--------+--------+
; a[0]       ; disp1[6]    ; 15.449 ; 15.449 ; 15.449 ; 15.449 ;
; a[0]       ; disp2[0]    ; 15.895 ; 15.895 ; 15.895 ; 15.895 ;
; a[0]       ; disp2[1]    ; 15.859 ; 15.859 ; 15.859 ; 15.859 ;
; a[0]       ; disp2[2]    ; 15.871 ; 15.871 ; 15.871 ; 15.871 ;
; a[0]       ; disp2[3]    ; 15.553 ; 15.553 ; 15.553 ; 15.553 ;
; a[0]       ; disp2[4]    ; 15.554 ; 15.554 ; 15.554 ; 15.554 ;
; a[0]       ; disp2[5]    ; 15.637 ; 15.637 ; 15.637 ; 15.637 ;
; a[0]       ; disp2[6]    ; 15.639 ; 15.639 ; 15.639 ; 15.639 ;
; a[0]       ; n           ; 15.488 ; 15.488 ; 15.488 ; 15.488 ;
; a[0]       ; outwave[0]  ; 12.368 ; 12.681 ; 12.681 ; 12.368 ;
; a[0]       ; outwave[1]  ; 13.392 ; 13.392 ; 13.392 ; 13.392 ;
; a[0]       ; outwave[2]  ; 15.285 ; 15.285 ; 15.285 ; 15.285 ;
; a[0]       ; outwave[3]  ; 15.688 ; 15.688 ; 15.688 ; 15.688 ;
; a[0]       ; z           ; 17.703 ; 17.703 ; 17.703 ; 17.703 ;
; a[1]       ; disp1[6]    ; 14.974 ; 14.974 ; 14.974 ; 14.974 ;
; a[1]       ; disp2[0]    ; 15.420 ; 15.420 ; 15.420 ; 15.420 ;
; a[1]       ; disp2[1]    ; 15.384 ; 15.384 ; 15.384 ; 15.384 ;
; a[1]       ; disp2[2]    ; 15.396 ; 15.396 ; 15.396 ; 15.396 ;
; a[1]       ; disp2[3]    ; 15.078 ; 15.078 ; 15.078 ; 15.078 ;
; a[1]       ; disp2[4]    ; 15.079 ; 15.079 ; 15.079 ; 15.079 ;
; a[1]       ; disp2[5]    ; 15.162 ; 15.162 ; 15.162 ; 15.162 ;
; a[1]       ; disp2[6]    ; 15.164 ; 15.164 ; 15.164 ; 15.164 ;
; a[1]       ; n           ; 15.013 ; 15.013 ; 15.013 ; 15.013 ;
; a[1]       ; outwave[0]  ; 12.730 ;        ;        ; 12.730 ;
; a[1]       ; outwave[1]  ; 12.913 ; 12.913 ; 12.913 ; 12.913 ;
; a[1]       ; outwave[2]  ; 14.810 ; 14.810 ; 14.810 ; 14.810 ;
; a[1]       ; outwave[3]  ; 15.213 ; 15.213 ; 15.213 ; 15.213 ;
; a[1]       ; z           ; 17.228 ; 17.228 ; 17.228 ; 17.228 ;
; a[2]       ; disp1[6]    ; 13.991 ; 13.991 ; 13.991 ; 13.991 ;
; a[2]       ; disp2[0]    ; 15.332 ; 15.332 ; 15.332 ; 15.332 ;
; a[2]       ; disp2[1]    ; 15.298 ; 15.298 ; 15.298 ; 15.298 ;
; a[2]       ; disp2[2]    ; 15.310 ; 15.310 ; 15.310 ; 15.310 ;
; a[2]       ; disp2[3]    ; 15.079 ; 15.079 ; 15.079 ; 15.079 ;
; a[2]       ; disp2[4]    ; 15.080 ; 15.080 ; 15.080 ; 15.080 ;
; a[2]       ; disp2[5]    ; 15.068 ; 15.068 ; 15.068 ; 15.068 ;
; a[2]       ; disp2[6]    ; 15.069 ; 15.069 ; 15.069 ; 15.069 ;
; a[2]       ; n           ; 14.030 ; 14.030 ; 14.030 ; 14.030 ;
; a[2]       ; outwave[1]  ; 12.004 ;        ;        ; 12.004 ;
; a[2]       ; outwave[2]  ; 14.811 ; 14.811 ; 14.811 ; 14.811 ;
; a[2]       ; outwave[3]  ; 14.230 ; 14.230 ; 14.230 ; 14.230 ;
; a[2]       ; z           ; 17.180 ; 17.180 ; 17.180 ; 17.180 ;
; a[3]       ; disp1[6]    ; 14.086 ; 14.086 ; 14.086 ; 14.086 ;
; a[3]       ; disp2[0]    ; 14.532 ; 14.532 ; 14.532 ; 14.532 ;
; a[3]       ; disp2[1]    ; 14.496 ; 14.496 ; 14.496 ; 14.496 ;
; a[3]       ; disp2[2]    ; 14.508 ; 14.508 ; 14.508 ; 14.508 ;
; a[3]       ; disp2[3]    ; 13.531 ; 13.531 ; 13.531 ; 13.531 ;
; a[3]       ; disp2[4]    ; 13.532 ;        ;        ; 13.532 ;
; a[3]       ; disp2[5]    ; 14.274 ; 14.274 ; 14.274 ; 14.274 ;
; a[3]       ; disp2[6]    ; 14.276 ; 14.276 ; 14.276 ; 14.276 ;
; a[3]       ; n           ; 14.125 ; 14.125 ; 14.125 ; 14.125 ;
; a[3]       ; outwave[2]  ; 13.263 ;        ;        ; 13.263 ;
; a[3]       ; outwave[3]  ; 14.325 ; 14.325 ; 14.325 ; 14.325 ;
; a[3]       ; z           ; 16.340 ; 16.340 ; 16.340 ; 16.340 ;
; b[0]       ; disp1[6]    ; 12.672 ; 12.672 ; 12.672 ; 12.672 ;
; b[0]       ; disp2[0]    ; 13.118 ; 13.118 ; 13.118 ; 13.118 ;
; b[0]       ; disp2[1]    ; 13.082 ; 13.082 ; 13.082 ; 13.082 ;
; b[0]       ; disp2[2]    ; 13.094 ; 13.094 ; 13.094 ; 13.094 ;
; b[0]       ; disp2[3]    ; 12.776 ; 12.776 ; 12.776 ; 12.776 ;
; b[0]       ; disp2[4]    ; 12.777 ; 12.777 ; 12.777 ; 12.777 ;
; b[0]       ; disp2[5]    ; 12.860 ; 12.860 ; 12.860 ; 12.860 ;
; b[0]       ; disp2[6]    ; 12.862 ; 12.862 ; 12.862 ; 12.862 ;
; b[0]       ; n           ; 12.711 ; 12.711 ; 12.711 ; 12.711 ;
; b[0]       ; outwave[0]  ; 9.749  ; 9.749  ; 9.749  ; 9.749  ;
; b[0]       ; outwave[1]  ; 10.606 ; 10.606 ; 10.606 ; 10.606 ;
; b[0]       ; outwave[2]  ; 12.508 ; 12.508 ; 12.508 ; 12.508 ;
; b[0]       ; outwave[3]  ; 12.911 ; 12.911 ; 12.911 ; 12.911 ;
; b[0]       ; z           ; 14.926 ; 14.926 ; 14.926 ; 14.926 ;
; b[1]       ; disp1[6]    ; 11.635 ; 11.635 ; 11.635 ; 11.635 ;
; b[1]       ; disp2[0]    ; 12.081 ; 12.081 ; 12.081 ; 12.081 ;
; b[1]       ; disp2[1]    ; 12.045 ; 12.045 ; 12.045 ; 12.045 ;
; b[1]       ; disp2[2]    ; 12.057 ; 12.057 ; 12.057 ; 12.057 ;
; b[1]       ; disp2[3]    ; 11.739 ; 11.739 ; 11.739 ; 11.739 ;
; b[1]       ; disp2[4]    ; 11.740 ; 11.740 ; 11.740 ; 11.740 ;
; b[1]       ; disp2[5]    ; 11.823 ; 11.823 ; 11.823 ; 11.823 ;
; b[1]       ; disp2[6]    ; 11.825 ; 11.825 ; 11.825 ; 11.825 ;
; b[1]       ; n           ; 11.674 ; 11.674 ; 11.674 ; 11.674 ;
; b[1]       ; outwave[1]  ; 9.576  ; 9.576  ; 9.576  ; 9.576  ;
; b[1]       ; outwave[2]  ; 11.471 ; 11.471 ; 11.471 ; 11.471 ;
; b[1]       ; outwave[3]  ; 11.874 ; 11.874 ; 11.874 ; 11.874 ;
; b[1]       ; z           ; 13.889 ; 13.889 ; 13.889 ; 13.889 ;
; b[2]       ; disp1[6]    ; 10.648 ; 10.648 ; 10.648 ; 10.648 ;
; b[2]       ; disp2[0]    ; 11.990 ; 11.990 ; 11.990 ; 11.990 ;
; b[2]       ; disp2[1]    ; 11.956 ; 11.956 ; 11.956 ; 11.956 ;
; b[2]       ; disp2[2]    ; 11.968 ; 11.968 ; 11.968 ; 11.968 ;
; b[2]       ; disp2[3]    ; 11.737 ; 11.737 ; 11.737 ; 11.737 ;
; b[2]       ; disp2[4]    ; 11.738 ; 11.738 ; 11.738 ; 11.738 ;
; b[2]       ; disp2[5]    ; 11.726 ; 11.726 ; 11.726 ; 11.726 ;
; b[2]       ; disp2[6]    ; 11.727 ; 11.727 ; 11.727 ; 11.727 ;
; b[2]       ; n           ; 10.687 ; 10.687 ; 10.687 ; 10.687 ;
; b[2]       ; outwave[2]  ; 11.469 ; 11.469 ; 11.469 ; 11.469 ;
; b[2]       ; outwave[3]  ; 10.887 ; 10.887 ; 10.887 ; 10.887 ;
; b[2]       ; z           ; 13.838 ; 13.838 ; 13.838 ; 13.838 ;
; b[3]       ; disp1[6]    ; 10.649 ; 10.649 ; 10.649 ; 10.649 ;
; b[3]       ; disp2[0]    ; 11.095 ; 11.095 ; 11.095 ; 11.095 ;
; b[3]       ; disp2[1]    ; 11.059 ; 11.059 ; 11.059 ; 11.059 ;
; b[3]       ; disp2[2]    ; 11.071 ; 11.071 ; 11.071 ; 11.071 ;
; b[3]       ; disp2[5]    ; 10.837 ; 10.837 ; 10.837 ; 10.837 ;
; b[3]       ; disp2[6]    ; 10.839 ; 10.839 ; 10.839 ; 10.839 ;
; b[3]       ; n           ; 10.688 ; 10.688 ; 10.688 ; 10.688 ;
; b[3]       ; outwave[3]  ; 10.888 ; 10.888 ; 10.888 ; 10.888 ;
; b[3]       ; z           ; 12.903 ; 12.903 ; 12.903 ; 12.903 ;
; sel[0]     ; disp1[6]    ; 13.018 ; 13.018 ; 13.018 ; 13.018 ;
; sel[0]     ; disp2[0]    ; 13.464 ; 13.464 ; 13.464 ; 13.464 ;
; sel[0]     ; disp2[1]    ; 13.428 ; 13.428 ; 13.428 ; 13.428 ;
; sel[0]     ; disp2[2]    ; 13.440 ; 13.440 ; 13.440 ; 13.440 ;
; sel[0]     ; disp2[3]    ; 13.202 ; 13.202 ; 13.202 ; 13.202 ;
; sel[0]     ; disp2[4]    ; 13.203 ; 13.203 ; 13.203 ; 13.203 ;
; sel[0]     ; disp2[5]    ; 13.206 ; 13.206 ; 13.206 ; 13.206 ;
; sel[0]     ; disp2[6]    ; 13.208 ; 13.208 ; 13.208 ; 13.208 ;
; sel[0]     ; n           ; 13.057 ; 13.057 ; 13.057 ; 13.057 ;
; sel[0]     ; outwave[0]  ; 10.095 ; 10.095 ; 10.095 ; 10.095 ;
; sel[0]     ; outwave[1]  ; 10.952 ; 10.952 ; 10.952 ; 10.952 ;
; sel[0]     ; outwave[2]  ; 12.934 ; 12.934 ; 12.934 ; 12.934 ;
; sel[0]     ; outwave[3]  ; 13.257 ; 13.257 ; 13.257 ; 13.257 ;
; sel[0]     ; z           ; 15.303 ; 15.303 ; 15.303 ; 15.303 ;
; sel[1]     ; disp1[6]    ; 11.153 ; 10.720 ; 10.720 ; 11.153 ;
; sel[1]     ; disp2[0]    ; 13.621 ; 13.621 ; 13.621 ; 13.621 ;
; sel[1]     ; disp2[1]    ; 13.587 ; 13.587 ; 13.587 ; 13.587 ;
; sel[1]     ; disp2[2]    ; 13.599 ; 13.599 ; 13.599 ; 13.599 ;
; sel[1]     ; disp2[3]    ; 13.368 ; 13.368 ; 13.368 ; 13.368 ;
; sel[1]     ; disp2[4]    ; 13.369 ; 13.369 ; 13.369 ; 13.369 ;
; sel[1]     ; disp2[5]    ; 13.357 ; 13.357 ; 13.357 ; 13.357 ;
; sel[1]     ; disp2[6]    ; 13.358 ; 13.358 ; 13.358 ; 13.358 ;
; sel[1]     ; n           ; 10.759 ; 11.192 ; 11.192 ; 10.759 ;
; sel[1]     ; outwave[0]  ; 9.318  ; 9.318  ; 9.318  ; 9.318  ;
; sel[1]     ; outwave[1]  ; 10.875 ; 10.875 ; 10.875 ; 10.875 ;
; sel[1]     ; outwave[2]  ; 13.100 ; 13.100 ; 13.100 ; 13.100 ;
; sel[1]     ; outwave[3]  ; 10.959 ; 11.392 ; 11.392 ; 10.959 ;
; sel[1]     ; z           ; 15.469 ; 15.469 ; 15.469 ; 15.469 ;
; sel[2]     ; disp1[6]    ; 11.461 ; 11.280 ; 11.280 ; 11.461 ;
; sel[2]     ; disp2[0]    ; 13.533 ; 13.533 ; 13.533 ; 13.533 ;
; sel[2]     ; disp2[1]    ; 13.499 ; 13.499 ; 13.499 ; 13.499 ;
; sel[2]     ; disp2[2]    ; 13.511 ; 13.511 ; 13.511 ; 13.511 ;
; sel[2]     ; disp2[3]    ; 13.280 ; 13.280 ; 13.280 ; 13.280 ;
; sel[2]     ; disp2[4]    ; 13.281 ; 13.281 ; 13.281 ; 13.281 ;
; sel[2]     ; disp2[5]    ; 13.269 ; 13.269 ; 13.269 ; 13.269 ;
; sel[2]     ; disp2[6]    ; 13.270 ; 13.270 ; 13.270 ; 13.270 ;
; sel[2]     ; n           ; 11.319 ; 11.500 ; 11.500 ; 11.319 ;
; sel[2]     ; outwave[0]  ; 10.145 ; 10.145 ; 10.145 ; 10.145 ;
; sel[2]     ; outwave[1]  ; 10.787 ; 10.787 ; 10.787 ; 10.787 ;
; sel[2]     ; outwave[2]  ; 13.012 ; 13.012 ; 13.012 ; 13.012 ;
; sel[2]     ; outwave[3]  ; 11.519 ; 11.700 ; 11.700 ; 11.519 ;
; sel[2]     ; z           ; 15.381 ; 15.381 ; 15.381 ; 15.381 ;
+------------+-------------+--------+--------+--------+--------+


+--------------------------------------------------------------+
; Minimum Propagation Delay                                    ;
+------------+-------------+--------+--------+--------+--------+
; Input Port ; Output Port ; RR     ; RF     ; FR     ; FF     ;
+------------+-------------+--------+--------+--------+--------+
; a[0]       ; disp1[6]    ; 15.449 ; 15.449 ; 15.449 ; 15.449 ;
; a[0]       ; disp2[0]    ; 13.005 ; 13.005 ; 13.005 ; 13.005 ;
; a[0]       ; disp2[1]    ; 12.969 ; 12.969 ; 12.969 ; 12.969 ;
; a[0]       ; disp2[2]    ; 12.981 ; 12.981 ; 12.981 ; 12.981 ;
; a[0]       ; disp2[3]    ; 12.759 ; 12.759 ; 12.759 ; 12.759 ;
; a[0]       ; disp2[4]    ; 12.759 ; 12.759 ; 12.759 ; 12.759 ;
; a[0]       ; disp2[5]    ; 12.746 ; 12.746 ; 12.746 ; 12.746 ;
; a[0]       ; disp2[6]    ; 12.750 ; 12.750 ; 12.750 ; 12.750 ;
; a[0]       ; n           ; 15.488 ; 15.488 ; 15.488 ; 15.488 ;
; a[0]       ; outwave[0]  ; 12.368 ; 12.368 ; 12.368 ; 12.368 ;
; a[0]       ; outwave[1]  ; 11.973 ; 13.392 ; 13.392 ; 11.973 ;
; a[0]       ; outwave[2]  ; 15.285 ; 15.285 ; 15.285 ; 15.285 ;
; a[0]       ; outwave[3]  ; 15.688 ; 15.688 ; 15.688 ; 15.688 ;
; a[0]       ; z           ; 14.848 ; 14.848 ; 14.848 ; 14.848 ;
; a[1]       ; disp1[6]    ; 14.974 ; 14.974 ; 14.974 ; 14.974 ;
; a[1]       ; disp2[0]    ; 13.071 ; 13.071 ; 13.071 ; 13.071 ;
; a[1]       ; disp2[1]    ; 13.065 ; 13.065 ; 13.065 ; 13.065 ;
; a[1]       ; disp2[2]    ; 13.075 ; 13.343 ; 13.343 ; 13.075 ;
; a[1]       ; disp2[3]    ; 12.822 ; 12.822 ; 12.822 ; 12.822 ;
; a[1]       ; disp2[4]    ; 13.121 ; 12.823 ; 12.823 ; 13.121 ;
; a[1]       ; disp2[5]    ; 12.836 ; 12.836 ; 12.836 ; 12.836 ;
; a[1]       ; disp2[6]    ; 12.839 ; 12.839 ; 12.839 ; 12.839 ;
; a[1]       ; n           ; 15.013 ; 15.013 ; 15.013 ; 15.013 ;
; a[1]       ; outwave[0]  ; 12.730 ;        ;        ; 12.730 ;
; a[1]       ; outwave[1]  ; 11.992 ; 12.662 ; 12.662 ; 11.992 ;
; a[1]       ; outwave[2]  ; 13.522 ; 14.810 ; 14.810 ; 13.522 ;
; a[1]       ; outwave[3]  ; 15.213 ; 15.213 ; 15.213 ; 15.213 ;
; a[1]       ; z           ; 15.614 ; 14.944 ; 14.944 ; 15.614 ;
; a[2]       ; disp1[6]    ; 13.991 ; 13.421 ; 13.421 ; 13.991 ;
; a[2]       ; disp2[0]    ; 13.083 ; 13.083 ; 13.083 ; 13.083 ;
; a[2]       ; disp2[1]    ; 13.077 ; 13.077 ; 13.077 ; 13.077 ;
; a[2]       ; disp2[2]    ; 13.087 ; 13.843 ; 13.843 ; 13.087 ;
; a[2]       ; disp2[3]    ; 12.834 ; 12.834 ; 12.834 ; 12.834 ;
; a[2]       ; disp2[4]    ; 14.084 ; 12.835 ; 12.835 ; 14.084 ;
; a[2]       ; disp2[5]    ; 12.848 ; 12.848 ; 12.848 ; 12.848 ;
; a[2]       ; disp2[6]    ; 12.851 ; 12.851 ; 12.851 ; 12.851 ;
; a[2]       ; n           ; 13.460 ; 14.030 ; 14.030 ; 13.460 ;
; a[2]       ; outwave[1]  ; 12.004 ;        ;        ; 12.004 ;
; a[2]       ; outwave[2]  ; 13.815 ; 14.811 ; 14.811 ; 13.815 ;
; a[2]       ; outwave[3]  ; 13.660 ; 14.230 ; 14.230 ; 13.660 ;
; a[2]       ; z           ; 16.245 ; 14.956 ; 14.956 ; 16.245 ;
; a[3]       ; disp1[6]    ; 13.384 ; 13.112 ; 13.112 ; 13.384 ;
; a[3]       ; disp2[0]    ; 13.558 ; 13.558 ; 13.558 ; 13.558 ;
; a[3]       ; disp2[1]    ; 13.522 ; 13.522 ; 13.522 ; 13.522 ;
; a[3]       ; disp2[2]    ; 13.534 ; 13.534 ; 13.534 ; 13.534 ;
; a[3]       ; disp2[3]    ; 13.531 ; 13.531 ; 13.531 ; 13.531 ;
; a[3]       ; disp2[4]    ; 13.532 ;        ;        ; 13.532 ;
; a[3]       ; disp2[5]    ; 13.300 ; 13.300 ; 13.300 ; 13.300 ;
; a[3]       ; disp2[6]    ; 13.521 ; 13.302 ; 13.302 ; 13.521 ;
; a[3]       ; n           ; 13.151 ; 13.423 ; 13.423 ; 13.151 ;
; a[3]       ; outwave[2]  ; 13.263 ;        ;        ; 13.263 ;
; a[3]       ; outwave[3]  ; 13.351 ; 13.623 ; 13.623 ; 13.351 ;
; a[3]       ; z           ; 15.638 ; 15.366 ; 15.366 ; 15.638 ;
; b[0]       ; disp1[6]    ; 12.519 ; 12.519 ; 12.519 ; 12.519 ;
; b[0]       ; disp2[0]    ; 10.386 ; 10.386 ; 10.386 ; 10.386 ;
; b[0]       ; disp2[1]    ; 10.350 ; 10.350 ; 10.350 ; 10.350 ;
; b[0]       ; disp2[2]    ; 10.362 ; 10.362 ; 10.362 ; 10.362 ;
; b[0]       ; disp2[3]    ; 10.140 ; 10.140 ; 10.140 ; 10.140 ;
; b[0]       ; disp2[4]    ; 10.140 ; 10.140 ; 10.140 ; 10.140 ;
; b[0]       ; disp2[5]    ; 10.127 ; 10.127 ; 10.127 ; 10.127 ;
; b[0]       ; disp2[6]    ; 10.131 ; 10.131 ; 10.131 ; 10.131 ;
; b[0]       ; n           ; 12.558 ; 12.558 ; 12.558 ; 12.558 ;
; b[0]       ; outwave[0]  ; 9.749  ; 9.749  ; 9.749  ; 9.749  ;
; b[0]       ; outwave[1]  ; 10.462 ; 10.462 ; 10.462 ; 10.462 ;
; b[0]       ; outwave[2]  ; 12.355 ; 12.355 ; 12.355 ; 12.355 ;
; b[0]       ; outwave[3]  ; 12.758 ; 12.758 ; 12.758 ; 12.758 ;
; b[0]       ; z           ; 12.229 ; 12.229 ; 12.229 ; 12.229 ;
; b[1]       ; disp1[6]    ; 11.635 ; 11.635 ; 11.635 ; 11.635 ;
; b[1]       ; disp2[0]    ; 9.605  ; 9.605  ; 9.605  ; 9.605  ;
; b[1]       ; disp2[1]    ; 9.599  ; 9.599  ; 9.599  ; 9.599  ;
; b[1]       ; disp2[2]    ; 9.609  ; 10.659 ; 10.659 ; 9.609  ;
; b[1]       ; disp2[3]    ; 9.356  ; 9.356  ; 9.356  ; 9.356  ;
; b[1]       ; disp2[4]    ; 10.407 ; 9.357  ; 9.357  ; 10.407 ;
; b[1]       ; disp2[5]    ; 9.370  ; 9.370  ; 9.370  ; 9.370  ;
; b[1]       ; disp2[6]    ; 9.373  ; 9.373  ; 9.373  ; 9.373  ;
; b[1]       ; n           ; 11.674 ; 11.674 ; 11.674 ; 11.674 ;
; b[1]       ; outwave[1]  ; 8.526  ; 9.576  ; 9.576  ; 8.526  ;
; b[1]       ; outwave[2]  ; 11.471 ; 11.471 ; 11.471 ; 11.471 ;
; b[1]       ; outwave[3]  ; 11.874 ; 11.874 ; 11.874 ; 11.874 ;
; b[1]       ; z           ; 12.528 ; 11.478 ; 11.478 ; 12.528 ;
; b[2]       ; disp1[6]    ; 10.648 ; 10.648 ; 10.648 ; 10.648 ;
; b[2]       ; disp2[0]    ; 10.879 ; 10.879 ; 10.879 ; 10.879 ;
; b[2]       ; disp2[1]    ; 10.845 ; 10.845 ; 10.845 ; 10.845 ;
; b[2]       ; disp2[2]    ; 10.857 ; 10.857 ; 10.857 ; 10.857 ;
; b[2]       ; disp2[3]    ; 10.626 ; 10.626 ; 10.626 ; 10.626 ;
; b[2]       ; disp2[4]    ; 10.627 ; 11.738 ; 11.738 ; 10.627 ;
; b[2]       ; disp2[5]    ; 10.615 ; 10.615 ; 10.615 ; 10.615 ;
; b[2]       ; disp2[6]    ; 10.616 ; 10.616 ; 10.616 ; 10.616 ;
; b[2]       ; n           ; 10.687 ; 10.687 ; 10.687 ; 10.687 ;
; b[2]       ; outwave[2]  ; 10.358 ; 11.469 ; 11.469 ; 10.358 ;
; b[2]       ; outwave[3]  ; 10.887 ; 10.887 ; 10.887 ; 10.887 ;
; b[2]       ; z           ; 12.902 ; 12.727 ; 12.727 ; 12.902 ;
; b[3]       ; disp1[6]    ; 10.380 ; 9.671  ; 9.671  ; 10.380 ;
; b[3]       ; disp2[0]    ; 10.117 ; 10.117 ; 10.117 ; 10.117 ;
; b[3]       ; disp2[1]    ; 10.081 ; 10.081 ; 10.081 ; 10.081 ;
; b[3]       ; disp2[2]    ; 10.093 ; 10.093 ; 10.093 ; 10.093 ;
; b[3]       ; disp2[5]    ; 9.859  ; 9.859  ; 9.859  ; 9.859  ;
; b[3]       ; disp2[6]    ; 10.570 ; 9.861  ; 9.861  ; 10.570 ;
; b[3]       ; n           ; 9.710  ; 10.419 ; 10.419 ; 9.710  ;
; b[3]       ; outwave[3]  ; 9.910  ; 10.619 ; 10.619 ; 9.910  ;
; b[3]       ; z           ; 12.634 ; 11.925 ; 11.925 ; 12.634 ;
; sel[0]     ; disp1[6]    ; 10.675 ; 10.403 ; 10.403 ; 10.675 ;
; sel[0]     ; disp2[0]    ; 10.426 ; 10.426 ; 10.426 ; 10.426 ;
; sel[0]     ; disp2[1]    ; 10.390 ; 10.390 ; 10.390 ; 10.390 ;
; sel[0]     ; disp2[2]    ; 10.458 ; 10.402 ; 10.402 ; 10.458 ;
; sel[0]     ; disp2[3]    ; 10.180 ; 10.180 ; 10.180 ; 10.180 ;
; sel[0]     ; disp2[4]    ; 10.180 ; 10.206 ; 10.206 ; 10.180 ;
; sel[0]     ; disp2[5]    ; 10.167 ; 10.219 ; 10.219 ; 10.167 ;
; sel[0]     ; disp2[6]    ; 10.171 ; 10.222 ; 10.222 ; 10.171 ;
; sel[0]     ; n           ; 10.442 ; 10.714 ; 10.714 ; 10.442 ;
; sel[0]     ; outwave[0]  ; 9.789  ; 10.095 ; 10.095 ; 9.789  ;
; sel[0]     ; outwave[1]  ; 9.375  ; 9.375  ; 9.375  ; 9.375  ;
; sel[0]     ; outwave[2]  ; 11.065 ; 11.065 ; 11.065 ; 11.065 ;
; sel[0]     ; outwave[3]  ; 10.642 ; 10.914 ; 10.914 ; 10.642 ;
; sel[0]     ; z           ; 12.327 ; 12.269 ; 12.269 ; 12.327 ;
; sel[1]     ; disp1[6]    ; 10.042 ; 10.720 ; 10.720 ; 10.042 ;
; sel[1]     ; disp2[0]    ; 9.691  ; 9.691  ; 9.691  ; 9.691  ;
; sel[1]     ; disp2[1]    ; 9.685  ; 9.685  ; 9.685  ; 9.685  ;
; sel[1]     ; disp2[2]    ; 9.695  ; 9.695  ; 9.695  ; 9.695  ;
; sel[1]     ; disp2[3]    ; 9.442  ; 9.442  ; 9.442  ; 9.442  ;
; sel[1]     ; disp2[4]    ; 9.443  ; 9.443  ; 9.443  ; 9.443  ;
; sel[1]     ; disp2[5]    ; 9.456  ; 9.456  ; 9.456  ; 9.456  ;
; sel[1]     ; disp2[6]    ; 9.459  ; 9.459  ; 9.459  ; 9.459  ;
; sel[1]     ; n           ; 10.759 ; 10.081 ; 10.081 ; 10.759 ;
; sel[1]     ; outwave[0]  ; 9.318  ; 9.318  ; 9.318  ; 9.318  ;
; sel[1]     ; outwave[1]  ; 8.612  ; 8.612  ; 8.612  ; 8.612  ;
; sel[1]     ; outwave[2]  ; 10.595 ; 10.595 ; 10.595 ; 10.595 ;
; sel[1]     ; outwave[3]  ; 10.959 ; 10.281 ; 10.281 ; 10.959 ;
; sel[1]     ; z           ; 11.564 ; 11.564 ; 11.564 ; 11.564 ;
; sel[2]     ; disp1[6]    ; 10.756 ; 10.756 ; 10.756 ; 10.756 ;
; sel[2]     ; disp2[0]    ; 9.809  ; 9.809  ; 9.809  ; 9.809  ;
; sel[2]     ; disp2[1]    ; 9.803  ; 9.803  ; 9.803  ; 9.803  ;
; sel[2]     ; disp2[2]    ; 9.813  ; 9.813  ; 9.813  ; 9.813  ;
; sel[2]     ; disp2[3]    ; 9.560  ; 9.560  ; 9.560  ; 9.560  ;
; sel[2]     ; disp2[4]    ; 9.561  ; 9.561  ; 9.561  ; 9.561  ;
; sel[2]     ; disp2[5]    ; 9.574  ; 9.574  ; 9.574  ; 9.574  ;
; sel[2]     ; disp2[6]    ; 9.577  ; 9.577  ; 9.577  ; 9.577  ;
; sel[2]     ; n           ; 10.795 ; 10.795 ; 10.795 ; 10.795 ;
; sel[2]     ; outwave[0]  ; 9.840  ; 9.840  ; 9.840  ; 9.840  ;
; sel[2]     ; outwave[1]  ; 8.730  ; 8.730  ; 8.730  ; 8.730  ;
; sel[2]     ; outwave[2]  ; 10.511 ; 10.511 ; 10.511 ; 10.511 ;
; sel[2]     ; outwave[3]  ; 10.995 ; 10.995 ; 10.995 ; 10.995 ;
; sel[2]     ; z           ; 11.682 ; 11.682 ; 11.682 ; 11.682 ;
+------------+-------------+--------+--------+--------+--------+


----------------------------
; Fast Model Setup Summary ;
----------------------------
No paths to report.


---------------------------
; Fast Model Hold Summary ;
---------------------------
No paths to report.


-------------------------------
; Fast Model Recovery Summary ;
-------------------------------
No paths to report.


------------------------------
; Fast Model Removal Summary ;
------------------------------
No paths to report.


------------------------------------------
; Fast Model Minimum Pulse Width Summary ;
------------------------------------------
No paths to report.


+----------------------------------------------------------+
; Propagation Delay                                        ;
+------------+-------------+-------+-------+-------+-------+
; Input Port ; Output Port ; RR    ; RF    ; FR    ; FF    ;
+------------+-------------+-------+-------+-------+-------+
; a[0]       ; disp1[6]    ; 8.157 ; 8.157 ; 8.157 ; 8.157 ;
; a[0]       ; disp2[0]    ; 8.336 ; 8.336 ; 8.336 ; 8.336 ;
; a[0]       ; disp2[1]    ; 8.300 ; 8.300 ; 8.300 ; 8.300 ;
; a[0]       ; disp2[2]    ; 8.316 ; 8.316 ; 8.316 ; 8.316 ;
; a[0]       ; disp2[3]    ; 8.065 ; 8.065 ; 8.065 ; 8.065 ;
; a[0]       ; disp2[4]    ; 8.068 ; 8.068 ; 8.068 ; 8.068 ;
; a[0]       ; disp2[5]    ; 8.210 ; 8.210 ; 8.210 ; 8.210 ;
; a[0]       ; disp2[6]    ; 8.210 ; 8.210 ; 8.210 ; 8.210 ;
; a[0]       ; n           ; 8.228 ; 8.228 ; 8.228 ; 8.228 ;
; a[0]       ; outwave[0]  ; 6.745 ; 6.871 ; 6.871 ; 6.745 ;
; a[0]       ; outwave[1]  ; 7.158 ; 7.158 ; 7.158 ; 7.158 ;
; a[0]       ; outwave[2]  ; 8.029 ; 8.029 ; 8.029 ; 8.029 ;
; a[0]       ; outwave[3]  ; 8.300 ; 8.300 ; 8.300 ; 8.300 ;
; a[0]       ; z           ; 9.155 ; 9.155 ; 9.155 ; 9.155 ;
; a[1]       ; disp1[6]    ; 7.952 ; 7.952 ; 7.952 ; 7.952 ;
; a[1]       ; disp2[0]    ; 8.131 ; 8.131 ; 8.131 ; 8.131 ;
; a[1]       ; disp2[1]    ; 8.095 ; 8.095 ; 8.095 ; 8.095 ;
; a[1]       ; disp2[2]    ; 8.111 ; 8.111 ; 8.111 ; 8.111 ;
; a[1]       ; disp2[3]    ; 7.860 ; 7.860 ; 7.860 ; 7.860 ;
; a[1]       ; disp2[4]    ; 7.863 ; 7.863 ; 7.863 ; 7.863 ;
; a[1]       ; disp2[5]    ; 8.005 ; 8.005 ; 8.005 ; 8.005 ;
; a[1]       ; disp2[6]    ; 8.005 ; 8.005 ; 8.005 ; 8.005 ;
; a[1]       ; n           ; 8.023 ; 8.023 ; 8.023 ; 8.023 ;
; a[1]       ; outwave[0]  ; 6.886 ;       ;       ; 6.886 ;
; a[1]       ; outwave[1]  ; 6.953 ; 6.953 ; 6.953 ; 6.953 ;
; a[1]       ; outwave[2]  ; 7.824 ; 7.824 ; 7.824 ; 7.824 ;
; a[1]       ; outwave[3]  ; 8.095 ; 8.095 ; 8.095 ; 8.095 ;
; a[1]       ; z           ; 8.950 ; 8.950 ; 8.950 ; 8.950 ;
; a[2]       ; disp1[6]    ; 7.538 ; 7.538 ; 7.538 ; 7.538 ;
; a[2]       ; disp2[0]    ; 7.978 ; 7.978 ; 7.978 ; 7.978 ;
; a[2]       ; disp2[1]    ; 7.946 ; 7.946 ; 7.946 ; 7.946 ;
; a[2]       ; disp2[2]    ; 7.965 ; 7.965 ; 7.965 ; 7.965 ;
; a[2]       ; disp2[3]    ; 7.856 ; 7.856 ; 7.856 ; 7.856 ;
; a[2]       ; disp2[4]    ; 7.859 ; 7.859 ; 7.859 ; 7.859 ;
; a[2]       ; disp2[5]    ; 7.848 ; 7.848 ; 7.848 ; 7.848 ;
; a[2]       ; disp2[6]    ; 7.845 ; 7.845 ; 7.845 ; 7.845 ;
; a[2]       ; n           ; 7.609 ; 7.609 ; 7.609 ; 7.609 ;
; a[2]       ; outwave[1]  ; 6.580 ;       ;       ; 6.580 ;
; a[2]       ; outwave[2]  ; 7.820 ; 7.820 ; 7.820 ; 7.820 ;
; a[2]       ; outwave[3]  ; 7.681 ; 7.681 ; 7.681 ; 7.681 ;
; a[2]       ; z           ; 8.804 ; 8.804 ; 8.804 ; 8.804 ;
; a[3]       ; disp1[6]    ; 7.585 ; 7.585 ; 7.585 ; 7.585 ;
; a[3]       ; disp2[0]    ; 7.764 ; 7.764 ; 7.764 ; 7.764 ;
; a[3]       ; disp2[1]    ; 7.728 ; 7.728 ; 7.728 ; 7.728 ;
; a[3]       ; disp2[2]    ; 7.744 ; 7.744 ; 7.744 ; 7.744 ;
; a[3]       ; disp2[3]    ; 7.213 ; 7.213 ; 7.213 ; 7.213 ;
; a[3]       ; disp2[4]    ; 7.216 ;       ;       ; 7.216 ;
; a[3]       ; disp2[5]    ; 7.638 ; 7.638 ; 7.638 ; 7.638 ;
; a[3]       ; disp2[6]    ; 7.638 ; 7.638 ; 7.638 ; 7.638 ;
; a[3]       ; n           ; 7.656 ; 7.656 ; 7.656 ; 7.656 ;
; a[3]       ; outwave[2]  ; 7.177 ;       ;       ; 7.177 ;
; a[3]       ; outwave[3]  ; 7.728 ; 7.728 ; 7.728 ; 7.728 ;
; a[3]       ; z           ; 8.583 ; 8.583 ; 8.583 ; 8.583 ;
; b[0]       ; disp1[6]    ; 6.419 ; 6.419 ; 6.419 ; 6.419 ;
; b[0]       ; disp2[0]    ; 6.598 ; 6.598 ; 6.598 ; 6.598 ;
; b[0]       ; disp2[1]    ; 6.562 ; 6.562 ; 6.562 ; 6.562 ;
; b[0]       ; disp2[2]    ; 6.578 ; 6.578 ; 6.578 ; 6.578 ;
; b[0]       ; disp2[3]    ; 6.327 ; 6.327 ; 6.327 ; 6.327 ;
; b[0]       ; disp2[4]    ; 6.330 ; 6.330 ; 6.330 ; 6.330 ;
; b[0]       ; disp2[5]    ; 6.472 ; 6.472 ; 6.472 ; 6.472 ;
; b[0]       ; disp2[6]    ; 6.472 ; 6.472 ; 6.472 ; 6.472 ;
; b[0]       ; n           ; 6.490 ; 6.490 ; 6.490 ; 6.490 ;
; b[0]       ; outwave[0]  ; 5.068 ; 5.068 ; 5.068 ; 5.068 ;
; b[0]       ; outwave[1]  ; 5.419 ; 5.419 ; 5.419 ; 5.419 ;
; b[0]       ; outwave[2]  ; 6.291 ; 6.291 ; 6.291 ; 6.291 ;
; b[0]       ; outwave[3]  ; 6.562 ; 6.562 ; 6.562 ; 6.562 ;
; b[0]       ; z           ; 7.417 ; 7.417 ; 7.417 ; 7.417 ;
; b[1]       ; disp1[6]    ; 5.838 ; 5.838 ; 5.838 ; 5.838 ;
; b[1]       ; disp2[0]    ; 6.017 ; 6.017 ; 6.017 ; 6.017 ;
; b[1]       ; disp2[1]    ; 5.981 ; 5.981 ; 5.981 ; 5.981 ;
; b[1]       ; disp2[2]    ; 5.997 ; 5.997 ; 5.997 ; 5.997 ;
; b[1]       ; disp2[3]    ; 5.746 ; 5.746 ; 5.746 ; 5.746 ;
; b[1]       ; disp2[4]    ; 5.749 ; 5.749 ; 5.749 ; 5.749 ;
; b[1]       ; disp2[5]    ; 5.891 ; 5.891 ; 5.891 ; 5.891 ;
; b[1]       ; disp2[6]    ; 5.891 ; 5.891 ; 5.891 ; 5.891 ;
; b[1]       ; n           ; 5.909 ; 5.909 ; 5.909 ; 5.909 ;
; b[1]       ; outwave[1]  ; 4.841 ; 4.841 ; 4.841 ; 4.841 ;
; b[1]       ; outwave[2]  ; 5.710 ; 5.710 ; 5.710 ; 5.710 ;
; b[1]       ; outwave[3]  ; 5.981 ; 5.981 ; 5.981 ; 5.981 ;
; b[1]       ; z           ; 6.836 ; 6.836 ; 6.836 ; 6.836 ;
; b[2]       ; disp1[6]    ; 5.404 ; 5.404 ; 5.404 ; 5.404 ;
; b[2]       ; disp2[0]    ; 5.845 ; 5.845 ; 5.845 ; 5.845 ;
; b[2]       ; disp2[1]    ; 5.813 ; 5.813 ; 5.813 ; 5.813 ;
; b[2]       ; disp2[2]    ; 5.832 ; 5.832 ; 5.832 ; 5.832 ;
; b[2]       ; disp2[3]    ; 5.723 ; 5.723 ; 5.723 ; 5.723 ;
; b[2]       ; disp2[4]    ; 5.726 ; 5.726 ; 5.726 ; 5.726 ;
; b[2]       ; disp2[5]    ; 5.715 ; 5.715 ; 5.715 ; 5.715 ;
; b[2]       ; disp2[6]    ; 5.712 ; 5.712 ; 5.712 ; 5.712 ;
; b[2]       ; n           ; 5.475 ; 5.475 ; 5.475 ; 5.475 ;
; b[2]       ; outwave[2]  ; 5.687 ; 5.687 ; 5.687 ; 5.687 ;
; b[2]       ; outwave[3]  ; 5.547 ; 5.547 ; 5.547 ; 5.547 ;
; b[2]       ; z           ; 6.671 ; 6.671 ; 6.671 ; 6.671 ;
; b[3]       ; disp1[6]    ; 5.401 ; 5.401 ; 5.401 ; 5.401 ;
; b[3]       ; disp2[0]    ; 5.580 ; 5.580 ; 5.580 ; 5.580 ;
; b[3]       ; disp2[1]    ; 5.544 ; 5.544 ; 5.544 ; 5.544 ;
; b[3]       ; disp2[2]    ; 5.560 ; 5.560 ; 5.560 ; 5.560 ;
; b[3]       ; disp2[5]    ; 5.454 ; 5.454 ; 5.454 ; 5.454 ;
; b[3]       ; disp2[6]    ; 5.454 ; 5.454 ; 5.454 ; 5.454 ;
; b[3]       ; n           ; 5.472 ; 5.472 ; 5.472 ; 5.472 ;
; b[3]       ; outwave[3]  ; 5.544 ; 5.544 ; 5.544 ; 5.544 ;
; b[3]       ; z           ; 6.399 ; 6.399 ; 6.399 ; 6.399 ;
; sel[0]     ; disp1[6]    ; 6.564 ; 6.564 ; 6.564 ; 6.564 ;
; sel[0]     ; disp2[0]    ; 6.743 ; 6.743 ; 6.743 ; 6.743 ;
; sel[0]     ; disp2[1]    ; 6.707 ; 6.707 ; 6.707 ; 6.707 ;
; sel[0]     ; disp2[2]    ; 6.723 ; 6.723 ; 6.723 ; 6.723 ;
; sel[0]     ; disp2[3]    ; 6.475 ; 6.475 ; 6.475 ; 6.475 ;
; sel[0]     ; disp2[4]    ; 6.478 ; 6.478 ; 6.478 ; 6.478 ;
; sel[0]     ; disp2[5]    ; 6.617 ; 6.617 ; 6.617 ; 6.617 ;
; sel[0]     ; disp2[6]    ; 6.617 ; 6.617 ; 6.617 ; 6.617 ;
; sel[0]     ; n           ; 6.635 ; 6.635 ; 6.635 ; 6.635 ;
; sel[0]     ; outwave[0]  ; 5.181 ; 5.181 ; 5.181 ; 5.181 ;
; sel[0]     ; outwave[1]  ; 5.564 ; 5.564 ; 5.564 ; 5.564 ;
; sel[0]     ; outwave[2]  ; 6.439 ; 6.439 ; 6.439 ; 6.439 ;
; sel[0]     ; outwave[3]  ; 6.707 ; 6.707 ; 6.707 ; 6.707 ;
; sel[0]     ; z           ; 7.562 ; 7.562 ; 7.562 ; 7.562 ;
; sel[1]     ; disp1[6]    ; 5.748 ; 5.558 ; 5.558 ; 5.748 ;
; sel[1]     ; disp2[0]    ; 6.652 ; 6.652 ; 6.652 ; 6.652 ;
; sel[1]     ; disp2[1]    ; 6.620 ; 6.620 ; 6.620 ; 6.620 ;
; sel[1]     ; disp2[2]    ; 6.639 ; 6.639 ; 6.639 ; 6.639 ;
; sel[1]     ; disp2[3]    ; 6.530 ; 6.530 ; 6.530 ; 6.530 ;
; sel[1]     ; disp2[4]    ; 6.533 ; 6.533 ; 6.533 ; 6.533 ;
; sel[1]     ; disp2[5]    ; 6.522 ; 6.522 ; 6.522 ; 6.522 ;
; sel[1]     ; disp2[6]    ; 6.519 ; 6.519 ; 6.519 ; 6.519 ;
; sel[1]     ; n           ; 5.629 ; 5.819 ; 5.819 ; 5.629 ;
; sel[1]     ; outwave[0]  ; 4.843 ; 4.843 ; 4.843 ; 4.843 ;
; sel[1]     ; outwave[1]  ; 5.500 ; 5.500 ; 5.500 ; 5.500 ;
; sel[1]     ; outwave[2]  ; 6.494 ; 6.494 ; 6.494 ; 6.494 ;
; sel[1]     ; outwave[3]  ; 5.701 ; 5.891 ; 5.891 ; 5.701 ;
; sel[1]     ; z           ; 7.478 ; 7.478 ; 7.478 ; 7.478 ;
; sel[2]     ; disp1[6]    ; 5.867 ; 5.818 ; 5.818 ; 5.867 ;
; sel[2]     ; disp2[0]    ; 6.649 ; 6.649 ; 6.649 ; 6.649 ;
; sel[2]     ; disp2[1]    ; 6.617 ; 6.617 ; 6.617 ; 6.617 ;
; sel[2]     ; disp2[2]    ; 6.636 ; 6.636 ; 6.636 ; 6.636 ;
; sel[2]     ; disp2[3]    ; 6.527 ; 6.527 ; 6.527 ; 6.527 ;
; sel[2]     ; disp2[4]    ; 6.530 ; 6.530 ; 6.530 ; 6.530 ;
; sel[2]     ; disp2[5]    ; 6.519 ; 6.519 ; 6.519 ; 6.519 ;
; sel[2]     ; disp2[6]    ; 6.516 ; 6.516 ; 6.516 ; 6.516 ;
; sel[2]     ; n           ; 5.889 ; 5.938 ; 5.938 ; 5.889 ;
; sel[2]     ; outwave[0]  ; 5.204 ; 5.204 ; 5.204 ; 5.204 ;
; sel[2]     ; outwave[1]  ; 5.497 ; 5.497 ; 5.497 ; 5.497 ;
; sel[2]     ; outwave[2]  ; 6.491 ; 6.491 ; 6.491 ; 6.491 ;
; sel[2]     ; outwave[3]  ; 5.961 ; 6.010 ; 6.010 ; 5.961 ;
; sel[2]     ; z           ; 7.475 ; 7.475 ; 7.475 ; 7.475 ;
+------------+-------------+-------+-------+-------+-------+


+----------------------------------------------------------+
; Minimum Propagation Delay                                ;
+------------+-------------+-------+-------+-------+-------+
; Input Port ; Output Port ; RR    ; RF    ; FR    ; FF    ;
+------------+-------------+-------+-------+-------+-------+
; a[0]       ; disp1[6]    ; 8.157 ; 8.157 ; 8.157 ; 8.157 ;
; a[0]       ; disp2[0]    ; 6.972 ; 6.972 ; 6.972 ; 6.972 ;
; a[0]       ; disp2[1]    ; 6.936 ; 6.936 ; 6.936 ; 6.936 ;
; a[0]       ; disp2[2]    ; 6.949 ; 6.949 ; 6.949 ; 6.949 ;
; a[0]       ; disp2[3]    ; 6.857 ; 6.857 ; 6.857 ; 6.857 ;
; a[0]       ; disp2[4]    ; 6.859 ; 6.859 ; 6.859 ; 6.859 ;
; a[0]       ; disp2[5]    ; 6.846 ; 6.846 ; 6.846 ; 6.846 ;
; a[0]       ; disp2[6]    ; 6.847 ; 6.847 ; 6.847 ; 6.847 ;
; a[0]       ; n           ; 8.228 ; 8.228 ; 8.228 ; 8.228 ;
; a[0]       ; outwave[0]  ; 6.745 ; 6.745 ; 6.745 ; 6.745 ;
; a[0]       ; outwave[1]  ; 6.566 ; 7.158 ; 7.158 ; 6.566 ;
; a[0]       ; outwave[2]  ; 8.029 ; 8.029 ; 8.029 ; 8.029 ;
; a[0]       ; outwave[3]  ; 8.300 ; 8.300 ; 8.300 ; 8.300 ;
; a[0]       ; z           ; 7.794 ; 7.794 ; 7.794 ; 7.794 ;
; a[1]       ; disp1[6]    ; 7.952 ; 7.952 ; 7.952 ; 7.952 ;
; a[1]       ; disp2[0]    ; 7.008 ; 7.008 ; 7.008 ; 7.008 ;
; a[1]       ; disp2[1]    ; 6.980 ; 6.980 ; 6.980 ; 6.980 ;
; a[1]       ; disp2[2]    ; 6.993 ; 7.090 ; 7.090 ; 6.993 ;
; a[1]       ; disp2[3]    ; 6.891 ; 6.891 ; 6.891 ; 6.891 ;
; a[1]       ; disp2[4]    ; 7.000 ; 6.893 ; 6.893 ; 7.000 ;
; a[1]       ; disp2[5]    ; 6.880 ; 6.880 ; 6.880 ; 6.880 ;
; a[1]       ; disp2[6]    ; 6.884 ; 6.884 ; 6.884 ; 6.884 ;
; a[1]       ; n           ; 8.023 ; 8.023 ; 8.023 ; 8.023 ;
; a[1]       ; outwave[0]  ; 6.886 ;       ;       ; 6.886 ;
; a[1]       ; outwave[1]  ; 6.575 ; 6.850 ; 6.850 ; 6.575 ;
; a[1]       ; outwave[2]  ; 7.271 ; 7.824 ; 7.824 ; 7.271 ;
; a[1]       ; outwave[3]  ; 8.095 ; 8.095 ; 8.095 ; 8.095 ;
; a[1]       ; z           ; 8.109 ; 7.834 ; 7.834 ; 8.109 ;
; a[2]       ; disp1[6]    ; 7.538 ; 7.315 ; 7.315 ; 7.538 ;
; a[2]       ; disp2[0]    ; 7.013 ; 7.013 ; 7.013 ; 7.013 ;
; a[2]       ; disp2[1]    ; 6.985 ; 6.985 ; 6.985 ; 6.985 ;
; a[2]       ; disp2[2]    ; 6.998 ; 7.474 ; 7.474 ; 6.998 ;
; a[2]       ; disp2[3]    ; 6.896 ; 6.896 ; 6.896 ; 6.896 ;
; a[2]       ; disp2[4]    ; 7.448 ; 6.898 ; 6.898 ; 7.448 ;
; a[2]       ; disp2[5]    ; 6.885 ; 6.885 ; 6.885 ; 6.885 ;
; a[2]       ; disp2[6]    ; 6.889 ; 6.889 ; 6.889 ; 6.889 ;
; a[2]       ; n           ; 7.386 ; 7.609 ; 7.609 ; 7.386 ;
; a[2]       ; outwave[1]  ; 6.580 ;       ;       ; 6.580 ;
; a[2]       ; outwave[2]  ; 7.409 ; 7.820 ; 7.820 ; 7.409 ;
; a[2]       ; outwave[3]  ; 7.458 ; 7.681 ; 7.681 ; 7.458 ;
; a[2]       ; z           ; 8.536 ; 7.839 ; 7.839 ; 8.536 ;
; a[3]       ; disp1[6]    ; 7.294 ; 7.176 ; 7.176 ; 7.294 ;
; a[3]       ; disp2[0]    ; 7.335 ; 7.335 ; 7.335 ; 7.335 ;
; a[3]       ; disp2[1]    ; 7.303 ; 7.303 ; 7.303 ; 7.303 ;
; a[3]       ; disp2[2]    ; 7.322 ; 7.322 ; 7.322 ; 7.322 ;
; a[3]       ; disp2[3]    ; 7.213 ; 7.213 ; 7.213 ; 7.213 ;
; a[3]       ; disp2[4]    ; 7.216 ;       ;       ; 7.216 ;
; a[3]       ; disp2[5]    ; 7.205 ; 7.205 ; 7.205 ; 7.205 ;
; a[3]       ; disp2[6]    ; 7.202 ; 7.202 ; 7.202 ; 7.202 ;
; a[3]       ; n           ; 7.247 ; 7.365 ; 7.365 ; 7.247 ;
; a[3]       ; outwave[2]  ; 7.177 ;       ;       ; 7.177 ;
; a[3]       ; outwave[3]  ; 7.319 ; 7.437 ; 7.437 ; 7.319 ;
; a[3]       ; z           ; 8.292 ; 8.161 ; 8.161 ; 8.292 ;
; b[0]       ; disp1[6]    ; 6.349 ; 6.349 ; 6.349 ; 6.349 ;
; b[0]       ; disp2[0]    ; 5.295 ; 5.295 ; 5.295 ; 5.295 ;
; b[0]       ; disp2[1]    ; 5.259 ; 5.259 ; 5.259 ; 5.259 ;
; b[0]       ; disp2[2]    ; 5.272 ; 5.272 ; 5.272 ; 5.272 ;
; b[0]       ; disp2[3]    ; 5.180 ; 5.180 ; 5.180 ; 5.180 ;
; b[0]       ; disp2[4]    ; 5.182 ; 5.182 ; 5.182 ; 5.182 ;
; b[0]       ; disp2[5]    ; 5.169 ; 5.169 ; 5.169 ; 5.169 ;
; b[0]       ; disp2[6]    ; 5.170 ; 5.170 ; 5.170 ; 5.170 ;
; b[0]       ; n           ; 6.420 ; 6.420 ; 6.420 ; 6.420 ;
; b[0]       ; outwave[0]  ; 5.068 ; 5.068 ; 5.068 ; 5.068 ;
; b[0]       ; outwave[1]  ; 5.350 ; 5.350 ; 5.350 ; 5.350 ;
; b[0]       ; outwave[2]  ; 6.221 ; 6.221 ; 6.221 ; 6.221 ;
; b[0]       ; outwave[3]  ; 6.492 ; 6.492 ; 6.492 ; 6.492 ;
; b[0]       ; z           ; 6.117 ; 6.117 ; 6.117 ; 6.117 ;
; b[1]       ; disp1[6]    ; 5.838 ; 5.838 ; 5.838 ; 5.838 ;
; b[1]       ; disp2[0]    ; 4.847 ; 4.847 ; 4.847 ; 4.847 ;
; b[1]       ; disp2[1]    ; 4.819 ; 4.819 ; 4.819 ; 4.819 ;
; b[1]       ; disp2[2]    ; 4.832 ; 5.259 ; 5.259 ; 4.832 ;
; b[1]       ; disp2[3]    ; 4.730 ; 4.730 ; 4.730 ; 4.730 ;
; b[1]       ; disp2[4]    ; 5.159 ; 4.732 ; 4.732 ; 5.159 ;
; b[1]       ; disp2[5]    ; 4.719 ; 4.719 ; 4.719 ; 4.719 ;
; b[1]       ; disp2[6]    ; 4.723 ; 4.723 ; 4.723 ; 4.723 ;
; b[1]       ; n           ; 5.909 ; 5.909 ; 5.909 ; 5.909 ;
; b[1]       ; outwave[1]  ; 4.414 ; 4.841 ; 4.841 ; 4.414 ;
; b[1]       ; outwave[2]  ; 5.710 ; 5.710 ; 5.710 ; 5.710 ;
; b[1]       ; outwave[3]  ; 5.981 ; 5.981 ; 5.981 ; 5.981 ;
; b[1]       ; z           ; 6.100 ; 5.673 ; 5.673 ; 6.100 ;
; b[2]       ; disp1[6]    ; 5.404 ; 5.404 ; 5.404 ; 5.404 ;
; b[2]       ; disp2[0]    ; 5.384 ; 5.384 ; 5.384 ; 5.384 ;
; b[2]       ; disp2[1]    ; 5.352 ; 5.352 ; 5.352 ; 5.352 ;
; b[2]       ; disp2[2]    ; 5.371 ; 5.371 ; 5.371 ; 5.371 ;
; b[2]       ; disp2[3]    ; 5.262 ; 5.262 ; 5.262 ; 5.262 ;
; b[2]       ; disp2[4]    ; 5.265 ; 5.726 ; 5.726 ; 5.265 ;
; b[2]       ; disp2[5]    ; 5.254 ; 5.254 ; 5.254 ; 5.254 ;
; b[2]       ; disp2[6]    ; 5.251 ; 5.251 ; 5.251 ; 5.251 ;
; b[2]       ; n           ; 5.475 ; 5.475 ; 5.475 ; 5.475 ;
; b[2]       ; outwave[2]  ; 5.226 ; 5.687 ; 5.687 ; 5.226 ;
; b[2]       ; outwave[3]  ; 5.547 ; 5.547 ; 5.547 ; 5.547 ;
; b[2]       ; z           ; 6.402 ; 6.210 ; 6.210 ; 6.402 ;
; b[3]       ; disp1[6]    ; 5.289 ; 4.988 ; 4.988 ; 5.289 ;
; b[3]       ; disp2[0]    ; 5.167 ; 5.167 ; 5.167 ; 5.167 ;
; b[3]       ; disp2[1]    ; 5.131 ; 5.131 ; 5.131 ; 5.131 ;
; b[3]       ; disp2[2]    ; 5.147 ; 5.147 ; 5.147 ; 5.147 ;
; b[3]       ; disp2[5]    ; 5.041 ; 5.041 ; 5.041 ; 5.041 ;
; b[3]       ; disp2[6]    ; 5.342 ; 5.041 ; 5.041 ; 5.342 ;
; b[3]       ; n           ; 5.059 ; 5.360 ; 5.360 ; 5.059 ;
; b[3]       ; outwave[3]  ; 5.131 ; 5.432 ; 5.432 ; 5.131 ;
; b[3]       ; z           ; 6.287 ; 5.986 ; 5.986 ; 6.287 ;
; sel[0]     ; disp1[6]    ; 5.549 ; 5.431 ; 5.431 ; 5.549 ;
; sel[0]     ; disp2[0]    ; 5.282 ; 5.282 ; 5.282 ; 5.282 ;
; sel[0]     ; disp2[1]    ; 5.246 ; 5.246 ; 5.246 ; 5.246 ;
; sel[0]     ; disp2[2]    ; 5.280 ; 5.259 ; 5.259 ; 5.280 ;
; sel[0]     ; disp2[3]    ; 5.167 ; 5.167 ; 5.167 ; 5.167 ;
; sel[0]     ; disp2[4]    ; 5.169 ; 5.180 ; 5.180 ; 5.169 ;
; sel[0]     ; disp2[5]    ; 5.156 ; 5.167 ; 5.167 ; 5.156 ;
; sel[0]     ; disp2[6]    ; 5.157 ; 5.171 ; 5.171 ; 5.157 ;
; sel[0]     ; n           ; 5.502 ; 5.620 ; 5.620 ; 5.502 ;
; sel[0]     ; outwave[0]  ; 5.055 ; 5.181 ; 5.181 ; 5.055 ;
; sel[0]     ; outwave[1]  ; 4.862 ; 4.862 ; 4.862 ; 4.862 ;
; sel[0]     ; outwave[2]  ; 5.669 ; 5.669 ; 5.669 ; 5.669 ;
; sel[0]     ; outwave[3]  ; 5.574 ; 5.692 ; 5.692 ; 5.574 ;
; sel[0]     ; z           ; 6.121 ; 6.104 ; 6.104 ; 6.121 ;
; sel[1]     ; disp1[6]    ; 5.260 ; 5.558 ; 5.558 ; 5.260 ;
; sel[1]     ; disp2[0]    ; 4.972 ; 4.972 ; 4.972 ; 4.972 ;
; sel[1]     ; disp2[1]    ; 4.944 ; 4.944 ; 4.944 ; 4.944 ;
; sel[1]     ; disp2[2]    ; 4.957 ; 4.957 ; 4.957 ; 4.957 ;
; sel[1]     ; disp2[3]    ; 4.855 ; 4.855 ; 4.855 ; 4.855 ;
; sel[1]     ; disp2[4]    ; 4.857 ; 4.857 ; 4.857 ; 4.857 ;
; sel[1]     ; disp2[5]    ; 4.844 ; 4.844 ; 4.844 ; 4.844 ;
; sel[1]     ; disp2[6]    ; 4.848 ; 4.848 ; 4.848 ; 4.848 ;
; sel[1]     ; n           ; 5.629 ; 5.331 ; 5.331 ; 5.629 ;
; sel[1]     ; outwave[0]  ; 4.843 ; 4.843 ; 4.843 ; 4.843 ;
; sel[1]     ; outwave[1]  ; 4.539 ; 4.539 ; 4.539 ; 4.539 ;
; sel[1]     ; outwave[2]  ; 5.448 ; 5.448 ; 5.448 ; 5.448 ;
; sel[1]     ; outwave[3]  ; 5.701 ; 5.403 ; 5.403 ; 5.701 ;
; sel[1]     ; z           ; 5.798 ; 5.798 ; 5.798 ; 5.798 ;
; sel[2]     ; disp1[6]    ; 5.578 ; 5.578 ; 5.578 ; 5.578 ;
; sel[2]     ; disp2[0]    ; 5.033 ; 5.033 ; 5.033 ; 5.033 ;
; sel[2]     ; disp2[1]    ; 5.005 ; 5.005 ; 5.005 ; 5.005 ;
; sel[2]     ; disp2[2]    ; 5.018 ; 5.018 ; 5.018 ; 5.018 ;
; sel[2]     ; disp2[3]    ; 4.916 ; 4.916 ; 4.916 ; 4.916 ;
; sel[2]     ; disp2[4]    ; 4.918 ; 4.918 ; 4.918 ; 4.918 ;
; sel[2]     ; disp2[5]    ; 4.905 ; 4.905 ; 4.905 ; 4.905 ;
; sel[2]     ; disp2[6]    ; 4.909 ; 4.909 ; 4.909 ; 4.909 ;
; sel[2]     ; n           ; 5.649 ; 5.649 ; 5.649 ; 5.649 ;
; sel[2]     ; outwave[0]  ; 5.078 ; 5.078 ; 5.078 ; 5.078 ;
; sel[2]     ; outwave[1]  ; 4.600 ; 4.600 ; 4.600 ; 4.600 ;
; sel[2]     ; outwave[2]  ; 5.415 ; 5.415 ; 5.415 ; 5.415 ;
; sel[2]     ; outwave[3]  ; 5.721 ; 5.721 ; 5.721 ; 5.721 ;
; sel[2]     ; z           ; 5.859 ; 5.859 ; 5.859 ; 5.859 ;
+------------+-------------+-------+-------+-------+-------+


+----------------------------------------------------------------------------+
; Multicorner Timing Analysis Summary                                        ;
+------------------+-------+------+----------+---------+---------------------+
; Clock            ; Setup ; Hold ; Recovery ; Removal ; Minimum Pulse Width ;
+------------------+-------+------+----------+---------+---------------------+
; Worst-case Slack ; N/A   ; N/A  ; N/A      ; N/A     ; N/A                 ;
; Design-wide TNS  ; 0.0   ; 0.0  ; 0.0      ; 0.0     ; 0.0                 ;
+------------------+-------+------+----------+---------+---------------------+


+--------------------------------------------------------------+
; Progagation Delay                                            ;
+------------+-------------+--------+--------+--------+--------+
; Input Port ; Output Port ; RR     ; RF     ; FR     ; FF     ;
+------------+-------------+--------+--------+--------+--------+
; a[0]       ; disp1[6]    ; 15.449 ; 15.449 ; 15.449 ; 15.449 ;
; a[0]       ; disp2[0]    ; 15.895 ; 15.895 ; 15.895 ; 15.895 ;
; a[0]       ; disp2[1]    ; 15.859 ; 15.859 ; 15.859 ; 15.859 ;
; a[0]       ; disp2[2]    ; 15.871 ; 15.871 ; 15.871 ; 15.871 ;
; a[0]       ; disp2[3]    ; 15.553 ; 15.553 ; 15.553 ; 15.553 ;
; a[0]       ; disp2[4]    ; 15.554 ; 15.554 ; 15.554 ; 15.554 ;
; a[0]       ; disp2[5]    ; 15.637 ; 15.637 ; 15.637 ; 15.637 ;
; a[0]       ; disp2[6]    ; 15.639 ; 15.639 ; 15.639 ; 15.639 ;
; a[0]       ; n           ; 15.488 ; 15.488 ; 15.488 ; 15.488 ;
; a[0]       ; outwave[0]  ; 12.368 ; 12.681 ; 12.681 ; 12.368 ;
; a[0]       ; outwave[1]  ; 13.392 ; 13.392 ; 13.392 ; 13.392 ;
; a[0]       ; outwave[2]  ; 15.285 ; 15.285 ; 15.285 ; 15.285 ;
; a[0]       ; outwave[3]  ; 15.688 ; 15.688 ; 15.688 ; 15.688 ;
; a[0]       ; z           ; 17.703 ; 17.703 ; 17.703 ; 17.703 ;
; a[1]       ; disp1[6]    ; 14.974 ; 14.974 ; 14.974 ; 14.974 ;
; a[1]       ; disp2[0]    ; 15.420 ; 15.420 ; 15.420 ; 15.420 ;
; a[1]       ; disp2[1]    ; 15.384 ; 15.384 ; 15.384 ; 15.384 ;
; a[1]       ; disp2[2]    ; 15.396 ; 15.396 ; 15.396 ; 15.396 ;
; a[1]       ; disp2[3]    ; 15.078 ; 15.078 ; 15.078 ; 15.078 ;
; a[1]       ; disp2[4]    ; 15.079 ; 15.079 ; 15.079 ; 15.079 ;
; a[1]       ; disp2[5]    ; 15.162 ; 15.162 ; 15.162 ; 15.162 ;
; a[1]       ; disp2[6]    ; 15.164 ; 15.164 ; 15.164 ; 15.164 ;
; a[1]       ; n           ; 15.013 ; 15.013 ; 15.013 ; 15.013 ;
; a[1]       ; outwave[0]  ; 12.730 ;        ;        ; 12.730 ;
; a[1]       ; outwave[1]  ; 12.913 ; 12.913 ; 12.913 ; 12.913 ;
; a[1]       ; outwave[2]  ; 14.810 ; 14.810 ; 14.810 ; 14.810 ;
; a[1]       ; outwave[3]  ; 15.213 ; 15.213 ; 15.213 ; 15.213 ;
; a[1]       ; z           ; 17.228 ; 17.228 ; 17.228 ; 17.228 ;
; a[2]       ; disp1[6]    ; 13.991 ; 13.991 ; 13.991 ; 13.991 ;
; a[2]       ; disp2[0]    ; 15.332 ; 15.332 ; 15.332 ; 15.332 ;
; a[2]       ; disp2[1]    ; 15.298 ; 15.298 ; 15.298 ; 15.298 ;
; a[2]       ; disp2[2]    ; 15.310 ; 15.310 ; 15.310 ; 15.310 ;
; a[2]       ; disp2[3]    ; 15.079 ; 15.079 ; 15.079 ; 15.079 ;
; a[2]       ; disp2[4]    ; 15.080 ; 15.080 ; 15.080 ; 15.080 ;
; a[2]       ; disp2[5]    ; 15.068 ; 15.068 ; 15.068 ; 15.068 ;
; a[2]       ; disp2[6]    ; 15.069 ; 15.069 ; 15.069 ; 15.069 ;
; a[2]       ; n           ; 14.030 ; 14.030 ; 14.030 ; 14.030 ;
; a[2]       ; outwave[1]  ; 12.004 ;        ;        ; 12.004 ;
; a[2]       ; outwave[2]  ; 14.811 ; 14.811 ; 14.811 ; 14.811 ;
; a[2]       ; outwave[3]  ; 14.230 ; 14.230 ; 14.230 ; 14.230 ;
; a[2]       ; z           ; 17.180 ; 17.180 ; 17.180 ; 17.180 ;
; a[3]       ; disp1[6]    ; 14.086 ; 14.086 ; 14.086 ; 14.086 ;
; a[3]       ; disp2[0]    ; 14.532 ; 14.532 ; 14.532 ; 14.532 ;
; a[3]       ; disp2[1]    ; 14.496 ; 14.496 ; 14.496 ; 14.496 ;
; a[3]       ; disp2[2]    ; 14.508 ; 14.508 ; 14.508 ; 14.508 ;
; a[3]       ; disp2[3]    ; 13.531 ; 13.531 ; 13.531 ; 13.531 ;
; a[3]       ; disp2[4]    ; 13.532 ;        ;        ; 13.532 ;
; a[3]       ; disp2[5]    ; 14.274 ; 14.274 ; 14.274 ; 14.274 ;
; a[3]       ; disp2[6]    ; 14.276 ; 14.276 ; 14.276 ; 14.276 ;
; a[3]       ; n           ; 14.125 ; 14.125 ; 14.125 ; 14.125 ;
; a[3]       ; outwave[2]  ; 13.263 ;        ;        ; 13.263 ;
; a[3]       ; outwave[3]  ; 14.325 ; 14.325 ; 14.325 ; 14.325 ;
; a[3]       ; z           ; 16.340 ; 16.340 ; 16.340 ; 16.340 ;
; b[0]       ; disp1[6]    ; 12.672 ; 12.672 ; 12.672 ; 12.672 ;
; b[0]       ; disp2[0]    ; 13.118 ; 13.118 ; 13.118 ; 13.118 ;
; b[0]       ; disp2[1]    ; 13.082 ; 13.082 ; 13.082 ; 13.082 ;
; b[0]       ; disp2[2]    ; 13.094 ; 13.094 ; 13.094 ; 13.094 ;
; b[0]       ; disp2[3]    ; 12.776 ; 12.776 ; 12.776 ; 12.776 ;
; b[0]       ; disp2[4]    ; 12.777 ; 12.777 ; 12.777 ; 12.777 ;
; b[0]       ; disp2[5]    ; 12.860 ; 12.860 ; 12.860 ; 12.860 ;
; b[0]       ; disp2[6]    ; 12.862 ; 12.862 ; 12.862 ; 12.862 ;
; b[0]       ; n           ; 12.711 ; 12.711 ; 12.711 ; 12.711 ;
; b[0]       ; outwave[0]  ; 9.749  ; 9.749  ; 9.749  ; 9.749  ;
; b[0]       ; outwave[1]  ; 10.606 ; 10.606 ; 10.606 ; 10.606 ;
; b[0]       ; outwave[2]  ; 12.508 ; 12.508 ; 12.508 ; 12.508 ;
; b[0]       ; outwave[3]  ; 12.911 ; 12.911 ; 12.911 ; 12.911 ;
; b[0]       ; z           ; 14.926 ; 14.926 ; 14.926 ; 14.926 ;
; b[1]       ; disp1[6]    ; 11.635 ; 11.635 ; 11.635 ; 11.635 ;
; b[1]       ; disp2[0]    ; 12.081 ; 12.081 ; 12.081 ; 12.081 ;
; b[1]       ; disp2[1]    ; 12.045 ; 12.045 ; 12.045 ; 12.045 ;
; b[1]       ; disp2[2]    ; 12.057 ; 12.057 ; 12.057 ; 12.057 ;
; b[1]       ; disp2[3]    ; 11.739 ; 11.739 ; 11.739 ; 11.739 ;
; b[1]       ; disp2[4]    ; 11.740 ; 11.740 ; 11.740 ; 11.740 ;
; b[1]       ; disp2[5]    ; 11.823 ; 11.823 ; 11.823 ; 11.823 ;
; b[1]       ; disp2[6]    ; 11.825 ; 11.825 ; 11.825 ; 11.825 ;
; b[1]       ; n           ; 11.674 ; 11.674 ; 11.674 ; 11.674 ;
; b[1]       ; outwave[1]  ; 9.576  ; 9.576  ; 9.576  ; 9.576  ;
; b[1]       ; outwave[2]  ; 11.471 ; 11.471 ; 11.471 ; 11.471 ;
; b[1]       ; outwave[3]  ; 11.874 ; 11.874 ; 11.874 ; 11.874 ;
; b[1]       ; z           ; 13.889 ; 13.889 ; 13.889 ; 13.889 ;
; b[2]       ; disp1[6]    ; 10.648 ; 10.648 ; 10.648 ; 10.648 ;
; b[2]       ; disp2[0]    ; 11.990 ; 11.990 ; 11.990 ; 11.990 ;
; b[2]       ; disp2[1]    ; 11.956 ; 11.956 ; 11.956 ; 11.956 ;
; b[2]       ; disp2[2]    ; 11.968 ; 11.968 ; 11.968 ; 11.968 ;
; b[2]       ; disp2[3]    ; 11.737 ; 11.737 ; 11.737 ; 11.737 ;
; b[2]       ; disp2[4]    ; 11.738 ; 11.738 ; 11.738 ; 11.738 ;
; b[2]       ; disp2[5]    ; 11.726 ; 11.726 ; 11.726 ; 11.726 ;
; b[2]       ; disp2[6]    ; 11.727 ; 11.727 ; 11.727 ; 11.727 ;
; b[2]       ; n           ; 10.687 ; 10.687 ; 10.687 ; 10.687 ;
; b[2]       ; outwave[2]  ; 11.469 ; 11.469 ; 11.469 ; 11.469 ;
; b[2]       ; outwave[3]  ; 10.887 ; 10.887 ; 10.887 ; 10.887 ;
; b[2]       ; z           ; 13.838 ; 13.838 ; 13.838 ; 13.838 ;
; b[3]       ; disp1[6]    ; 10.649 ; 10.649 ; 10.649 ; 10.649 ;
; b[3]       ; disp2[0]    ; 11.095 ; 11.095 ; 11.095 ; 11.095 ;
; b[3]       ; disp2[1]    ; 11.059 ; 11.059 ; 11.059 ; 11.059 ;
; b[3]       ; disp2[2]    ; 11.071 ; 11.071 ; 11.071 ; 11.071 ;
; b[3]       ; disp2[5]    ; 10.837 ; 10.837 ; 10.837 ; 10.837 ;
; b[3]       ; disp2[6]    ; 10.839 ; 10.839 ; 10.839 ; 10.839 ;
; b[3]       ; n           ; 10.688 ; 10.688 ; 10.688 ; 10.688 ;
; b[3]       ; outwave[3]  ; 10.888 ; 10.888 ; 10.888 ; 10.888 ;
; b[3]       ; z           ; 12.903 ; 12.903 ; 12.903 ; 12.903 ;
; sel[0]     ; disp1[6]    ; 13.018 ; 13.018 ; 13.018 ; 13.018 ;
; sel[0]     ; disp2[0]    ; 13.464 ; 13.464 ; 13.464 ; 13.464 ;
; sel[0]     ; disp2[1]    ; 13.428 ; 13.428 ; 13.428 ; 13.428 ;
; sel[0]     ; disp2[2]    ; 13.440 ; 13.440 ; 13.440 ; 13.440 ;
; sel[0]     ; disp2[3]    ; 13.202 ; 13.202 ; 13.202 ; 13.202 ;
; sel[0]     ; disp2[4]    ; 13.203 ; 13.203 ; 13.203 ; 13.203 ;
; sel[0]     ; disp2[5]    ; 13.206 ; 13.206 ; 13.206 ; 13.206 ;
; sel[0]     ; disp2[6]    ; 13.208 ; 13.208 ; 13.208 ; 13.208 ;
; sel[0]     ; n           ; 13.057 ; 13.057 ; 13.057 ; 13.057 ;
; sel[0]     ; outwave[0]  ; 10.095 ; 10.095 ; 10.095 ; 10.095 ;
; sel[0]     ; outwave[1]  ; 10.952 ; 10.952 ; 10.952 ; 10.952 ;
; sel[0]     ; outwave[2]  ; 12.934 ; 12.934 ; 12.934 ; 12.934 ;
; sel[0]     ; outwave[3]  ; 13.257 ; 13.257 ; 13.257 ; 13.257 ;
; sel[0]     ; z           ; 15.303 ; 15.303 ; 15.303 ; 15.303 ;
; sel[1]     ; disp1[6]    ; 11.153 ; 10.720 ; 10.720 ; 11.153 ;
; sel[1]     ; disp2[0]    ; 13.621 ; 13.621 ; 13.621 ; 13.621 ;
; sel[1]     ; disp2[1]    ; 13.587 ; 13.587 ; 13.587 ; 13.587 ;
; sel[1]     ; disp2[2]    ; 13.599 ; 13.599 ; 13.599 ; 13.599 ;
; sel[1]     ; disp2[3]    ; 13.368 ; 13.368 ; 13.368 ; 13.368 ;
; sel[1]     ; disp2[4]    ; 13.369 ; 13.369 ; 13.369 ; 13.369 ;
; sel[1]     ; disp2[5]    ; 13.357 ; 13.357 ; 13.357 ; 13.357 ;
; sel[1]     ; disp2[6]    ; 13.358 ; 13.358 ; 13.358 ; 13.358 ;
; sel[1]     ; n           ; 10.759 ; 11.192 ; 11.192 ; 10.759 ;
; sel[1]     ; outwave[0]  ; 9.318  ; 9.318  ; 9.318  ; 9.318  ;
; sel[1]     ; outwave[1]  ; 10.875 ; 10.875 ; 10.875 ; 10.875 ;
; sel[1]     ; outwave[2]  ; 13.100 ; 13.100 ; 13.100 ; 13.100 ;
; sel[1]     ; outwave[3]  ; 10.959 ; 11.392 ; 11.392 ; 10.959 ;
; sel[1]     ; z           ; 15.469 ; 15.469 ; 15.469 ; 15.469 ;
; sel[2]     ; disp1[6]    ; 11.461 ; 11.280 ; 11.280 ; 11.461 ;
; sel[2]     ; disp2[0]    ; 13.533 ; 13.533 ; 13.533 ; 13.533 ;
; sel[2]     ; disp2[1]    ; 13.499 ; 13.499 ; 13.499 ; 13.499 ;
; sel[2]     ; disp2[2]    ; 13.511 ; 13.511 ; 13.511 ; 13.511 ;
; sel[2]     ; disp2[3]    ; 13.280 ; 13.280 ; 13.280 ; 13.280 ;
; sel[2]     ; disp2[4]    ; 13.281 ; 13.281 ; 13.281 ; 13.281 ;
; sel[2]     ; disp2[5]    ; 13.269 ; 13.269 ; 13.269 ; 13.269 ;
; sel[2]     ; disp2[6]    ; 13.270 ; 13.270 ; 13.270 ; 13.270 ;
; sel[2]     ; n           ; 11.319 ; 11.500 ; 11.500 ; 11.319 ;
; sel[2]     ; outwave[0]  ; 10.145 ; 10.145 ; 10.145 ; 10.145 ;
; sel[2]     ; outwave[1]  ; 10.787 ; 10.787 ; 10.787 ; 10.787 ;
; sel[2]     ; outwave[2]  ; 13.012 ; 13.012 ; 13.012 ; 13.012 ;
; sel[2]     ; outwave[3]  ; 11.519 ; 11.700 ; 11.700 ; 11.519 ;
; sel[2]     ; z           ; 15.381 ; 15.381 ; 15.381 ; 15.381 ;
+------------+-------------+--------+--------+--------+--------+


+----------------------------------------------------------+
; Minimum Progagation Delay                                ;
+------------+-------------+-------+-------+-------+-------+
; Input Port ; Output Port ; RR    ; RF    ; FR    ; FF    ;
+------------+-------------+-------+-------+-------+-------+
; a[0]       ; disp1[6]    ; 8.157 ; 8.157 ; 8.157 ; 8.157 ;
; a[0]       ; disp2[0]    ; 6.972 ; 6.972 ; 6.972 ; 6.972 ;
; a[0]       ; disp2[1]    ; 6.936 ; 6.936 ; 6.936 ; 6.936 ;
; a[0]       ; disp2[2]    ; 6.949 ; 6.949 ; 6.949 ; 6.949 ;
; a[0]       ; disp2[3]    ; 6.857 ; 6.857 ; 6.857 ; 6.857 ;
; a[0]       ; disp2[4]    ; 6.859 ; 6.859 ; 6.859 ; 6.859 ;
; a[0]       ; disp2[5]    ; 6.846 ; 6.846 ; 6.846 ; 6.846 ;
; a[0]       ; disp2[6]    ; 6.847 ; 6.847 ; 6.847 ; 6.847 ;
; a[0]       ; n           ; 8.228 ; 8.228 ; 8.228 ; 8.228 ;
; a[0]       ; outwave[0]  ; 6.745 ; 6.745 ; 6.745 ; 6.745 ;
; a[0]       ; outwave[1]  ; 6.566 ; 7.158 ; 7.158 ; 6.566 ;
; a[0]       ; outwave[2]  ; 8.029 ; 8.029 ; 8.029 ; 8.029 ;
; a[0]       ; outwave[3]  ; 8.300 ; 8.300 ; 8.300 ; 8.300 ;
; a[0]       ; z           ; 7.794 ; 7.794 ; 7.794 ; 7.794 ;
; a[1]       ; disp1[6]    ; 7.952 ; 7.952 ; 7.952 ; 7.952 ;
; a[1]       ; disp2[0]    ; 7.008 ; 7.008 ; 7.008 ; 7.008 ;
; a[1]       ; disp2[1]    ; 6.980 ; 6.980 ; 6.980 ; 6.980 ;
; a[1]       ; disp2[2]    ; 6.993 ; 7.090 ; 7.090 ; 6.993 ;
; a[1]       ; disp2[3]    ; 6.891 ; 6.891 ; 6.891 ; 6.891 ;
; a[1]       ; disp2[4]    ; 7.000 ; 6.893 ; 6.893 ; 7.000 ;
; a[1]       ; disp2[5]    ; 6.880 ; 6.880 ; 6.880 ; 6.880 ;
; a[1]       ; disp2[6]    ; 6.884 ; 6.884 ; 6.884 ; 6.884 ;
; a[1]       ; n           ; 8.023 ; 8.023 ; 8.023 ; 8.023 ;
; a[1]       ; outwave[0]  ; 6.886 ;       ;       ; 6.886 ;
; a[1]       ; outwave[1]  ; 6.575 ; 6.850 ; 6.850 ; 6.575 ;
; a[1]       ; outwave[2]  ; 7.271 ; 7.824 ; 7.824 ; 7.271 ;
; a[1]       ; outwave[3]  ; 8.095 ; 8.095 ; 8.095 ; 8.095 ;
; a[1]       ; z           ; 8.109 ; 7.834 ; 7.834 ; 8.109 ;
; a[2]       ; disp1[6]    ; 7.538 ; 7.315 ; 7.315 ; 7.538 ;
; a[2]       ; disp2[0]    ; 7.013 ; 7.013 ; 7.013 ; 7.013 ;
; a[2]       ; disp2[1]    ; 6.985 ; 6.985 ; 6.985 ; 6.985 ;
; a[2]       ; disp2[2]    ; 6.998 ; 7.474 ; 7.474 ; 6.998 ;
; a[2]       ; disp2[3]    ; 6.896 ; 6.896 ; 6.896 ; 6.896 ;
; a[2]       ; disp2[4]    ; 7.448 ; 6.898 ; 6.898 ; 7.448 ;
; a[2]       ; disp2[5]    ; 6.885 ; 6.885 ; 6.885 ; 6.885 ;
; a[2]       ; disp2[6]    ; 6.889 ; 6.889 ; 6.889 ; 6.889 ;
; a[2]       ; n           ; 7.386 ; 7.609 ; 7.609 ; 7.386 ;
; a[2]       ; outwave[1]  ; 6.580 ;       ;       ; 6.580 ;
; a[2]       ; outwave[2]  ; 7.409 ; 7.820 ; 7.820 ; 7.409 ;
; a[2]       ; outwave[3]  ; 7.458 ; 7.681 ; 7.681 ; 7.458 ;
; a[2]       ; z           ; 8.536 ; 7.839 ; 7.839 ; 8.536 ;
; a[3]       ; disp1[6]    ; 7.294 ; 7.176 ; 7.176 ; 7.294 ;
; a[3]       ; disp2[0]    ; 7.335 ; 7.335 ; 7.335 ; 7.335 ;
; a[3]       ; disp2[1]    ; 7.303 ; 7.303 ; 7.303 ; 7.303 ;
; a[3]       ; disp2[2]    ; 7.322 ; 7.322 ; 7.322 ; 7.322 ;
; a[3]       ; disp2[3]    ; 7.213 ; 7.213 ; 7.213 ; 7.213 ;
; a[3]       ; disp2[4]    ; 7.216 ;       ;       ; 7.216 ;
; a[3]       ; disp2[5]    ; 7.205 ; 7.205 ; 7.205 ; 7.205 ;
; a[3]       ; disp2[6]    ; 7.202 ; 7.202 ; 7.202 ; 7.202 ;
; a[3]       ; n           ; 7.247 ; 7.365 ; 7.365 ; 7.247 ;
; a[3]       ; outwave[2]  ; 7.177 ;       ;       ; 7.177 ;
; a[3]       ; outwave[3]  ; 7.319 ; 7.437 ; 7.437 ; 7.319 ;
; a[3]       ; z           ; 8.292 ; 8.161 ; 8.161 ; 8.292 ;
; b[0]       ; disp1[6]    ; 6.349 ; 6.349 ; 6.349 ; 6.349 ;
; b[0]       ; disp2[0]    ; 5.295 ; 5.295 ; 5.295 ; 5.295 ;
; b[0]       ; disp2[1]    ; 5.259 ; 5.259 ; 5.259 ; 5.259 ;
; b[0]       ; disp2[2]    ; 5.272 ; 5.272 ; 5.272 ; 5.272 ;
; b[0]       ; disp2[3]    ; 5.180 ; 5.180 ; 5.180 ; 5.180 ;
; b[0]       ; disp2[4]    ; 5.182 ; 5.182 ; 5.182 ; 5.182 ;
; b[0]       ; disp2[5]    ; 5.169 ; 5.169 ; 5.169 ; 5.169 ;
; b[0]       ; disp2[6]    ; 5.170 ; 5.170 ; 5.170 ; 5.170 ;
; b[0]       ; n           ; 6.420 ; 6.420 ; 6.420 ; 6.420 ;
; b[0]       ; outwave[0]  ; 5.068 ; 5.068 ; 5.068 ; 5.068 ;
; b[0]       ; outwave[1]  ; 5.350 ; 5.350 ; 5.350 ; 5.350 ;
; b[0]       ; outwave[2]  ; 6.221 ; 6.221 ; 6.221 ; 6.221 ;
; b[0]       ; outwave[3]  ; 6.492 ; 6.492 ; 6.492 ; 6.492 ;
; b[0]       ; z           ; 6.117 ; 6.117 ; 6.117 ; 6.117 ;
; b[1]       ; disp1[6]    ; 5.838 ; 5.838 ; 5.838 ; 5.838 ;
; b[1]       ; disp2[0]    ; 4.847 ; 4.847 ; 4.847 ; 4.847 ;
; b[1]       ; disp2[1]    ; 4.819 ; 4.819 ; 4.819 ; 4.819 ;
; b[1]       ; disp2[2]    ; 4.832 ; 5.259 ; 5.259 ; 4.832 ;
; b[1]       ; disp2[3]    ; 4.730 ; 4.730 ; 4.730 ; 4.730 ;
; b[1]       ; disp2[4]    ; 5.159 ; 4.732 ; 4.732 ; 5.159 ;
; b[1]       ; disp2[5]    ; 4.719 ; 4.719 ; 4.719 ; 4.719 ;
; b[1]       ; disp2[6]    ; 4.723 ; 4.723 ; 4.723 ; 4.723 ;
; b[1]       ; n           ; 5.909 ; 5.909 ; 5.909 ; 5.909 ;
; b[1]       ; outwave[1]  ; 4.414 ; 4.841 ; 4.841 ; 4.414 ;
; b[1]       ; outwave[2]  ; 5.710 ; 5.710 ; 5.710 ; 5.710 ;
; b[1]       ; outwave[3]  ; 5.981 ; 5.981 ; 5.981 ; 5.981 ;
; b[1]       ; z           ; 6.100 ; 5.673 ; 5.673 ; 6.100 ;
; b[2]       ; disp1[6]    ; 5.404 ; 5.404 ; 5.404 ; 5.404 ;
; b[2]       ; disp2[0]    ; 5.384 ; 5.384 ; 5.384 ; 5.384 ;
; b[2]       ; disp2[1]    ; 5.352 ; 5.352 ; 5.352 ; 5.352 ;
; b[2]       ; disp2[2]    ; 5.371 ; 5.371 ; 5.371 ; 5.371 ;
; b[2]       ; disp2[3]    ; 5.262 ; 5.262 ; 5.262 ; 5.262 ;
; b[2]       ; disp2[4]    ; 5.265 ; 5.726 ; 5.726 ; 5.265 ;
; b[2]       ; disp2[5]    ; 5.254 ; 5.254 ; 5.254 ; 5.254 ;
; b[2]       ; disp2[6]    ; 5.251 ; 5.251 ; 5.251 ; 5.251 ;
; b[2]       ; n           ; 5.475 ; 5.475 ; 5.475 ; 5.475 ;
; b[2]       ; outwave[2]  ; 5.226 ; 5.687 ; 5.687 ; 5.226 ;
; b[2]       ; outwave[3]  ; 5.547 ; 5.547 ; 5.547 ; 5.547 ;
; b[2]       ; z           ; 6.402 ; 6.210 ; 6.210 ; 6.402 ;
; b[3]       ; disp1[6]    ; 5.289 ; 4.988 ; 4.988 ; 5.289 ;
; b[3]       ; disp2[0]    ; 5.167 ; 5.167 ; 5.167 ; 5.167 ;
; b[3]       ; disp2[1]    ; 5.131 ; 5.131 ; 5.131 ; 5.131 ;
; b[3]       ; disp2[2]    ; 5.147 ; 5.147 ; 5.147 ; 5.147 ;
; b[3]       ; disp2[5]    ; 5.041 ; 5.041 ; 5.041 ; 5.041 ;
; b[3]       ; disp2[6]    ; 5.342 ; 5.041 ; 5.041 ; 5.342 ;
; b[3]       ; n           ; 5.059 ; 5.360 ; 5.360 ; 5.059 ;
; b[3]       ; outwave[3]  ; 5.131 ; 5.432 ; 5.432 ; 5.131 ;
; b[3]       ; z           ; 6.287 ; 5.986 ; 5.986 ; 6.287 ;
; sel[0]     ; disp1[6]    ; 5.549 ; 5.431 ; 5.431 ; 5.549 ;
; sel[0]     ; disp2[0]    ; 5.282 ; 5.282 ; 5.282 ; 5.282 ;
; sel[0]     ; disp2[1]    ; 5.246 ; 5.246 ; 5.246 ; 5.246 ;
; sel[0]     ; disp2[2]    ; 5.280 ; 5.259 ; 5.259 ; 5.280 ;
; sel[0]     ; disp2[3]    ; 5.167 ; 5.167 ; 5.167 ; 5.167 ;
; sel[0]     ; disp2[4]    ; 5.169 ; 5.180 ; 5.180 ; 5.169 ;
; sel[0]     ; disp2[5]    ; 5.156 ; 5.167 ; 5.167 ; 5.156 ;
; sel[0]     ; disp2[6]    ; 5.157 ; 5.171 ; 5.171 ; 5.157 ;
; sel[0]     ; n           ; 5.502 ; 5.620 ; 5.620 ; 5.502 ;
; sel[0]     ; outwave[0]  ; 5.055 ; 5.181 ; 5.181 ; 5.055 ;
; sel[0]     ; outwave[1]  ; 4.862 ; 4.862 ; 4.862 ; 4.862 ;
; sel[0]     ; outwave[2]  ; 5.669 ; 5.669 ; 5.669 ; 5.669 ;
; sel[0]     ; outwave[3]  ; 5.574 ; 5.692 ; 5.692 ; 5.574 ;
; sel[0]     ; z           ; 6.121 ; 6.104 ; 6.104 ; 6.121 ;
; sel[1]     ; disp1[6]    ; 5.260 ; 5.558 ; 5.558 ; 5.260 ;
; sel[1]     ; disp2[0]    ; 4.972 ; 4.972 ; 4.972 ; 4.972 ;
; sel[1]     ; disp2[1]    ; 4.944 ; 4.944 ; 4.944 ; 4.944 ;
; sel[1]     ; disp2[2]    ; 4.957 ; 4.957 ; 4.957 ; 4.957 ;
; sel[1]     ; disp2[3]    ; 4.855 ; 4.855 ; 4.855 ; 4.855 ;
; sel[1]     ; disp2[4]    ; 4.857 ; 4.857 ; 4.857 ; 4.857 ;
; sel[1]     ; disp2[5]    ; 4.844 ; 4.844 ; 4.844 ; 4.844 ;
; sel[1]     ; disp2[6]    ; 4.848 ; 4.848 ; 4.848 ; 4.848 ;
; sel[1]     ; n           ; 5.629 ; 5.331 ; 5.331 ; 5.629 ;
; sel[1]     ; outwave[0]  ; 4.843 ; 4.843 ; 4.843 ; 4.843 ;
; sel[1]     ; outwave[1]  ; 4.539 ; 4.539 ; 4.539 ; 4.539 ;
; sel[1]     ; outwave[2]  ; 5.448 ; 5.448 ; 5.448 ; 5.448 ;
; sel[1]     ; outwave[3]  ; 5.701 ; 5.403 ; 5.403 ; 5.701 ;
; sel[1]     ; z           ; 5.798 ; 5.798 ; 5.798 ; 5.798 ;
; sel[2]     ; disp1[6]    ; 5.578 ; 5.578 ; 5.578 ; 5.578 ;
; sel[2]     ; disp2[0]    ; 5.033 ; 5.033 ; 5.033 ; 5.033 ;
; sel[2]     ; disp2[1]    ; 5.005 ; 5.005 ; 5.005 ; 5.005 ;
; sel[2]     ; disp2[2]    ; 5.018 ; 5.018 ; 5.018 ; 5.018 ;
; sel[2]     ; disp2[3]    ; 4.916 ; 4.916 ; 4.916 ; 4.916 ;
; sel[2]     ; disp2[4]    ; 4.918 ; 4.918 ; 4.918 ; 4.918 ;
; sel[2]     ; disp2[5]    ; 4.905 ; 4.905 ; 4.905 ; 4.905 ;
; sel[2]     ; disp2[6]    ; 4.909 ; 4.909 ; 4.909 ; 4.909 ;
; sel[2]     ; n           ; 5.649 ; 5.649 ; 5.649 ; 5.649 ;
; sel[2]     ; outwave[0]  ; 5.078 ; 5.078 ; 5.078 ; 5.078 ;
; sel[2]     ; outwave[1]  ; 4.600 ; 4.600 ; 4.600 ; 4.600 ;
; sel[2]     ; outwave[2]  ; 5.415 ; 5.415 ; 5.415 ; 5.415 ;
; sel[2]     ; outwave[3]  ; 5.721 ; 5.721 ; 5.721 ; 5.721 ;
; sel[2]     ; z           ; 5.859 ; 5.859 ; 5.859 ; 5.859 ;
+------------+-------------+-------+-------+-------+-------+


-------------------
; Clock Transfers ;
-------------------
Nothing to report.


---------------
; Report TCCS ;
---------------
No dedicated SERDES Transmitter circuitry present in device or used in design


---------------
; Report RSKM ;
---------------
No dedicated SERDES Receiver circuitry present in device or used in design


+------------------------------------------------+
; Unconstrained Paths                            ;
+---------------------------------+-------+------+
; Property                        ; Setup ; Hold ;
+---------------------------------+-------+------+
; Illegal Clocks                  ; 0     ; 0    ;
; Unconstrained Clocks            ; 0     ; 0    ;
; Unconstrained Input Ports       ; 11    ; 11   ;
; Unconstrained Input Port Paths  ; 143   ; 143  ;
; Unconstrained Output Ports      ; 14    ; 14   ;
; Unconstrained Output Port Paths ; 143   ; 143  ;
+---------------------------------+-------+------+


+------------------------------------+
; TimeQuest Timing Analyzer Messages ;
+------------------------------------+
Info: *******************************************************************
Info: Running Quartus II 64-Bit TimeQuest Timing Analyzer
    Info: Version 13.0.1 Build 232 06/12/2013 Service Pack 1 SJ Web Edition
    Info: Processing started: Fri Mar 15 13:12:21 2024
Info: Command: quartus_sta ULAcompleta -c ULAcompleta
Info: qsta_default_script.tcl version: #1
Warning (20028): Parallel compilation is not licensed and has been disabled
Info (21077): Low junction temperature is 0 degrees C
Info (21077): High junction temperature is 85 degrees C
Critical Warning (332012): Synopsys Design Constraints File file not found: 'ULAcompleta.sdc'. A Synopsys Design Constraints File is required by the TimeQuest Timing Analyzer to get proper timing constraints. Without it, the Compiler will not properly optimize the design.
Info (332142): No user constrained base clocks found in the design. Calling "derive_clocks -period 1.0"
Info (332096): The command derive_clocks did not find any clocks to derive.  No clocks were created or changed.
Warning (332068): No clocks defined in design.
Info: Found TIMEQUEST_REPORT_SCRIPT_INCLUDE_DEFAULT_ANALYSIS = ON
Info (332159): No clocks to report
Info: Analyzing Slow Model
Info (332140): No fmax paths to report
Info (332140): No Setup paths to report
Info (332140): No Hold paths to report
Info (332140): No Recovery paths to report
Info (332140): No Removal paths to report
Info (332140): No Minimum Pulse Width paths to report
Info (332001): The selected device family is not supported by the report_metastability command.
Info: Analyzing Fast Model
Info (332142): No user constrained base clocks found in the design. Calling "derive_clocks -period 1.0"
Info (332096): The command derive_clocks did not find any clocks to derive.  No clocks were created or changed.
Warning (332068): No clocks defined in design.
Info (332140): No Setup paths to report
Info (332140): No Hold paths to report
Info (332140): No Recovery paths to report
Info (332140): No Removal paths to report
Info (332140): No Minimum Pulse Width paths to report
Info (332001): The selected device family is not supported by the report_metastability command.
Info (332102): Design is not fully constrained for setup requirements
Info (332102): Design is not fully constrained for hold requirements
Info: Quartus II 64-Bit TimeQuest Timing Analyzer was successful. 0 errors, 4 warnings
    Info: Peak virtual memory: 4537 megabytes
    Info: Processing ended: Fri Mar 15 13:12:22 2024
    Info: Elapsed time: 00:00:01
    Info: Total CPU time (on all processors): 00:00:01


