Analysis & Synthesis report for ULAcompleta
Fri Mar 15 13:12:12 2024
Quartus II 64-Bit Version 13.0.1 Build 232 06/12/2013 Service Pack 1 SJ Web Edition


---------------------
; Table of Contents ;
---------------------
  1. Legal Notice
  2. Analysis & Synthesis Summary
  3. Analysis & Synthesis Settings
  4. Parallel Compilation
  5. Analysis & Synthesis Source Files Read
  6. Analysis & Synthesis Resource Usage Summary
  7. Analysis & Synthesis Resource Utilization by Entity
  8. General Register Statistics
  9. Multiplexer Restructuring Statistics (Restructuring Performed)
 10. Port Connectivity Checks: "mux81:M5"
 11. Port Connectivity Checks: "shifter:M1|mux:Mr3"
 12. Port Connectivity Checks: "shifter:M1|mux:Ml0"
 13. Port Connectivity Checks: "sumsub:M0|fulladder:F3"
 14. Elapsed Time Per Partition
 15. Analysis & Synthesis Messages



----------------
; Legal Notice ;
----------------
Copyright (C) 1991-2013 Altera Corporation
Your use of Altera Corporation's design tools, logic functions 
and other software and tools, and its AMPP partner logic 
functions, and any output files from any of the foregoing 
(including device programming or simulation files), and any 
associated documentation or information are expressly subject 
to the terms and conditions of the Altera Program License 
Subscription Agreement, Altera MegaCore Function License 
Agreement, or other applicable license agreement, including, 
without limitation, that your use is for the sole purpose of 
programming logic devices manufactured by Altera and sold by 
Altera or its authorized distributors.  Please refer to the 
applicable agreement for further details.



+--------------------------------------------------------------------------------------+
; Analysis & Synthesis Summary                                                         ;
+------------------------------------+-------------------------------------------------+
; Analysis & Synthesis Status        ; Successful - Fri Mar 15 13:12:12 2024           ;
; Quartus II 64-Bit Version          ; 13.0.1 Build 232 06/12/2013 SP 1 SJ Web Edition ;
; Revision Name                      ; ULAcompleta                                     ;
; Top-level Entity Name              ; ULAcompleta                                     ;
; Family                             ; Cyclone II                                      ;
; Total logic elements               ; 35                                              ;
;     Total combinational functions  ; 35                                              ;
;     Dedicated logic registers      ; 0                                               ;
; Total registers                    ; 0                                               ;
; Total pins                         ; 33                                              ;
; Total virtual pins                 ; 0                                               ;
; Total memory bits                  ; 0                                               ;
; Embedded Multiplier 9-bit elements ; 0                                               ;
; Total PLLs                         ; 0                                               ;
+------------------------------------+-------------------------------------------------+


+----------------------------------------------------------------------------------------------------------------------+
; Analysis & Synthesis Settings                                                                                        ;
+----------------------------------------------------------------------------+--------------------+--------------------+
; Option                                                                     ; Setting            ; Default Value      ;
+----------------------------------------------------------------------------+--------------------+--------------------+
; Device                                                                     ; EP2C35F672C6       ;                    ;
; Top-level entity name                                                      ; ULAcompleta        ; ULAcompleta        ;
; Family name                                                                ; Cyclone II         ; Cyclone IV GX      ;
; Use smart compilation                                                      ; Off                ; Off                ;
; Enable parallel Assembler and TimeQuest Timing Analyzer during compilation ; On                 ; On                 ;
; Enable compact report table                                                ; Off                ; Off                ;
; Restructure Multiplexers                                                   ; Auto               ; Auto               ;
; Create Debugging Nodes for IP Cores                                        ; Off                ; Off                ;
; Preserve fewer node names                                                  ; On                 ; On                 ;
; Disable OpenCore Plus hardware evaluation                                  ; Off                ; Off                ;
; Verilog Version                                                            ; Verilog_2001       ; Verilog_2001       ;
; VHDL Version                                                               ; VHDL_1993          ; VHDL_1993          ;
; State Machine Processing                                                   ; Auto               ; Auto               ;
; Safe State Machine                                                         ; Off                ; Off                ;
; Extract Verilog State Machines                                             ; On                 ; On                 ;
; Extract VHDL State Machines                                                ; On                 ; On                 ;
; Ignore Verilog initial constructs                                          ; Off                ; Off                ;
; Iteration limit for constant Verilog loops                                 ; 5000               ; 5000               ;
; Iteration limit for non-constant Verilog loops                             ; 250                ; 250                ;
; Add Pass-Through Logic to Inferred RAMs                                    ; On                 ; On                 ;
; Infer RAMs from Raw Logic                                                  ; On                 ; On                 ;
; Parallel Synthesis                                                         ; On                 ; On                 ;
; DSP Block Balancing                                                        ; Auto               ; Auto               ;
; NOT Gate Push-Back                                                         ; On                 ; On                 ;
; Power-Up Don't Care                                                        ; On                 ; On                 ;
; Remove Redundant Logic Cells                                               ; Off                ; Off                ;
; Remove Duplicate Registers                                                 ; On                 ; On                 ;
; Ignore CARRY Buffers                                                       ; Off                ; Off                ;
; Ignore CASCADE Buffers                                                     ; Off                ; Off                ;
; Ignore GLOBAL Buffers                                                      ; Off                ; Off                ;
; Ignore ROW GLOBAL Buffers                                                  ; Off                ; Off                ;
; Ignore LCELL Buffers                                                       ; Off                ; Off                ;
; Ignore SOFT Buffers                                                        ; On                 ; On                 ;
; Limit AHDL Integers to 32 Bits                                             ; Off                ; Off                ;
; Optimization Technique                                                     ; Balanced           ; Balanced           ;
; Carry Chain Length                                                         ; 70                 ; 70                 ;
; Auto Carry Chains                                                          ; On                 ; On                 ;
; Auto Open-Drain Pins                                                       ; On                 ; On                 ;
; Perform WYSIWYG Primitive Resynthesis                                      ; Off                ; Off                ;
; Auto ROM Replacement                                                       ; On                 ; On                 ;
; Auto RAM Replacement                                                       ; On                 ; On                 ;
; Auto Shift Register Replacement                                            ; Auto               ; Auto               ;
; Allow Shift Register Merging across Hierarchies                            ; Auto               ; Auto               ;
; Auto Clock Enable Replacement                                              ; On                 ; On                 ;
; Strict RAM Replacement                                                     ; Off                ; Off                ;
; Allow Synchronous Control Signals                                          ; On                 ; On                 ;
; Force Use of Synchronous Clear Signals                                     ; Off                ; Off                ;
; Auto RAM to Logic Cell Conversion                                          ; Off                ; Off                ;
; Auto Resource Sharing                                                      ; Off                ; Off                ;
; Allow Any RAM Size For Recognition                                         ; Off                ; Off                ;
; Allow Any ROM Size For Recognition                                         ; Off                ; Off                ;
; Allow Any Shift Register Size For Recognition                              ; Off                ; Off                ;
; Use LogicLock Constraints during Resource Balancing                        ; On                 ; On                 ;
; Ignore translate_off and synthesis_off directives                          ; Off                ; Off                ;
; Timing-Driven Synthesis                                                    ; Off                ; Off                ;
; Report Parameter Settings                                                  ; On                 ; On                 ;
; Report Source Assignments                                                  ; On                 ; On                 ;
; Report Connectivity Checks                                                 ; On                 ; On                 ;
; Ignore Maximum Fan-Out Assignments                                         ; Off                ; Off                ;
; Synchronization Register Chain Length                                      ; 2                  ; 2                  ;
; PowerPlay Power Optimization                                               ; Normal compilation ; Normal compilation ;
; HDL message level                                                          ; Level2             ; Level2             ;
; Suppress Register Optimization Related Messages                            ; Off                ; Off                ;
; Number of Removed Registers Reported in Synthesis Report                   ; 5000               ; 5000               ;
; Number of Swept Nodes Reported in Synthesis Report                         ; 5000               ; 5000               ;
; Number of Inverted Registers Reported in Synthesis Report                  ; 100                ; 100                ;
; Clock MUX Protection                                                       ; On                 ; On                 ;
; Auto Gated Clock Conversion                                                ; Off                ; Off                ;
; Block Design Naming                                                        ; Auto               ; Auto               ;
; SDC constraint protection                                                  ; Off                ; Off                ;
; Synthesis Effort                                                           ; Auto               ; Auto               ;
; Shift Register Replacement - Allow Asynchronous Clear Signal               ; On                 ; On                 ;
; Pre-Mapping Resynthesis Optimization                                       ; Off                ; Off                ;
; Analysis & Synthesis Message Level                                         ; Medium             ; Medium             ;
; Disable Register Merging Across Hierarchies                                ; Auto               ; Auto               ;
; Resource Aware Inference For Block RAM                                     ; On                 ; On                 ;
; Synthesis Seed                                                             ; 1                  ; 1                  ;
+----------------------------------------------------------------------------+--------------------+--------------------+


Parallel compilation was disabled, but you have multiple processors available. Enable parallel compilation to reduce compilation time.
+-------------------------------------+
; Parallel Compilation                ;
+----------------------------+--------+
; Processors                 ; Number ;
+----------------------------+--------+
; Number detected on machine ; 4      ;
; Maximum allowed            ; 1      ;
+----------------------------+--------+


+----------------------------------------------------------------------------------------------------------------------------------------------------------------------+
; Analysis & Synthesis Source Files Read                                                                                                                               ;
+----------------------------------+-----------------+-----------------+-------------------------------------------------------------------------------------+---------+
; File Name with User-Entered Path ; Used in Netlist ; File Type       ; File Name with Absolute Path                                                        ; Library ;
+----------------------------------+-----------------+-----------------+-------------------------------------------------------------------------------------+---------+
; fulladder.vhd                    ; yes             ; User VHDL File  ; C:/Users/alunos/Downloads/ULA - Allan e Otavio/ULA - Allan e Otavio/fulladder.vhd   ;         ;
; mux81.vhd                        ; yes             ; User VHDL File  ; C:/Users/alunos/Downloads/ULA - Allan e Otavio/ULA - Allan e Otavio/mux81.vhd       ;         ;
; sumsub.vhd                       ; yes             ; User VHDL File  ; C:/Users/alunos/Downloads/ULA - Allan e Otavio/ULA - Allan e Otavio/sumsub.vhd      ;         ;
; mux.vhd                          ; yes             ; User VHDL File  ; C:/Users/alunos/Downloads/ULA - Allan e Otavio/ULA - Allan e Otavio/mux.vhd         ;         ;
; shifter.vhd                      ; yes             ; User VHDL File  ; C:/Users/alunos/Downloads/ULA - Allan e Otavio/ULA - Allan e Otavio/shifter.vhd     ;         ;
; ULAcompleta.vhd                  ; yes             ; User VHDL File  ; C:/Users/alunos/Downloads/ULA - Allan e Otavio/ULA - Allan e Otavio/ULAcompleta.vhd ;         ;
; andgate.vhd                      ; yes             ; User VHDL File  ; C:/Users/alunos/Downloads/ULA - Allan e Otavio/ULA - Allan e Otavio/andgate.vhd     ;         ;
; orgate.vhd                       ; yes             ; User VHDL File  ; C:/Users/alunos/Downloads/ULA - Allan e Otavio/ULA - Allan e Otavio/orgate.vhd      ;         ;
; notgate.vhd                      ; yes             ; User VHDL File  ; C:/Users/alunos/Downloads/ULA - Allan e Otavio/ULA - Allan e Otavio/notgate.vhd     ;         ;
; zerodetect.vhd                   ; yes             ; User VHDL File  ; C:/Users/alunos/Downloads/ULA - Allan e Otavio/ULA - Allan e Otavio/zerodetect.vhd  ;         ;
; decoder.vhd                      ; yes             ; User VHDL File  ; C:/Users/alunos/Downloads/ULA - Allan e Otavio/ULA - Allan e Otavio/decoder.vhd     ;         ;
+----------------------------------+-----------------+-----------------+-------------------------------------------------------------------------------------+---------+


+------------------------------------------------------+
; Analysis & Synthesis Resource Usage Summary          ;
+---------------------------------------------+--------+
; Resource                                    ; Usage  ;
+---------------------------------------------+--------+
; Estimated Total logic elements              ; 35     ;
;                                             ;        ;
; Total combinational functions               ; 35     ;
; Logic element usage by number of LUT inputs ;        ;
;     -- 4 input functions                    ; 24     ;
;     -- 3 input functions                    ; 8      ;
;     -- <=2 input functions                  ; 3      ;
;                                             ;        ;
; Logic elements by mode                      ;        ;
;     -- normal mode                          ; 35     ;
;     -- arithmetic mode                      ; 0      ;
;                                             ;        ;
; Total registers                             ; 0      ;
;     -- Dedicated logic registers            ; 0      ;
;     -- I/O registers                        ; 0      ;
;                                             ;        ;
; I/O pins                                    ; 33     ;
; Embedded Multiplier 9-bit elements          ; 0      ;
; Maximum fan-out node                        ; sel[0] ;
; Maximum fan-out                             ; 15     ;
; Total fan-out                               ; 140    ;
; Average fan-out                             ; 2.06   ;
+---------------------------------------------+--------+


+---------------------------------------------------------------------------------------------------------------------------------------------------------------------------------------------+
; Analysis & Synthesis Resource Utilization by Entity                                                                                                                                         ;
+----------------------------+-------------------+--------------+-------------+--------------+---------+-----------+------+--------------+-------------------------------------+--------------+
; Compilation Hierarchy Node ; LC Combinationals ; LC Registers ; Memory Bits ; DSP Elements ; DSP 9x9 ; DSP 18x18 ; Pins ; Virtual Pins ; Full Hierarchy Name                 ; Library Name ;
+----------------------------+-------------------+--------------+-------------+--------------+---------+-----------+------+--------------+-------------------------------------+--------------+
; |ULAcompleta               ; 35 (0)            ; 0 (0)        ; 0           ; 0            ; 0       ; 0         ; 33   ; 0            ; |ULAcompleta                        ; work         ;
;    |decoder:M7|            ; 7 (7)             ; 0 (0)        ; 0           ; 0            ; 0       ; 0         ; 0    ; 0            ; |ULAcompleta|decoder:M7             ; work         ;
;    |mux81:M5|              ; 21 (21)           ; 0 (0)        ; 0           ; 0            ; 0       ; 0         ; 0    ; 0            ; |ULAcompleta|mux81:M5               ; work         ;
;    |sumsub:M0|             ; 6 (1)             ; 0 (0)        ; 0           ; 0            ; 0       ; 0         ; 0    ; 0            ; |ULAcompleta|sumsub:M0              ; work         ;
;       |fulladder:F0|       ; 2 (2)             ; 0 (0)        ; 0           ; 0            ; 0       ; 0         ; 0    ; 0            ; |ULAcompleta|sumsub:M0|fulladder:F0 ; work         ;
;       |fulladder:F1|       ; 2 (2)             ; 0 (0)        ; 0           ; 0            ; 0       ; 0         ; 0    ; 0            ; |ULAcompleta|sumsub:M0|fulladder:F1 ; work         ;
;       |fulladder:F2|       ; 1 (1)             ; 0 (0)        ; 0           ; 0            ; 0       ; 0         ; 0    ; 0            ; |ULAcompleta|sumsub:M0|fulladder:F2 ; work         ;
;    |zerodetect:M6|         ; 1 (1)             ; 0 (0)        ; 0           ; 0            ; 0       ; 0         ; 0    ; 0            ; |ULAcompleta|zerodetect:M6          ; work         ;
+----------------------------+-------------------+--------------+-------------+--------------+---------+-----------+------+--------------+-------------------------------------+--------------+
Note: For table entries with two numbers listed, the numbers in parentheses indicate the number of resources of the given type used by the specific entity alone. The numbers listed outside of parentheses indicate the total resources of the given type used by the specific entity and all of its sub-entities in the hierarchy.


+------------------------------------------------------+
; General Register Statistics                          ;
+----------------------------------------------+-------+
; Statistic                                    ; Value ;
+----------------------------------------------+-------+
; Total registers                              ; 0     ;
; Number of registers using Synchronous Clear  ; 0     ;
; Number of registers using Synchronous Load   ; 0     ;
; Number of registers using Asynchronous Clear ; 0     ;
; Number of registers using Asynchronous Load  ; 0     ;
; Number of registers using Clock Enable       ; 0     ;
; Number of registers using Preset             ; 0     ;
+----------------------------------------------+-------+


+------------------------------------------------------------------------------------------------------------------------------------------+
; Multiplexer Restructuring Statistics (Restructuring Performed)                                                                           ;
+--------------------+-----------+---------------+----------------------+------------------------+------------+----------------------------+
; Multiplexer Inputs ; Bus Width ; Baseline Area ; Area if Restructured ; Saving if Restructured ; Registered ; Example Multiplexer Output ;
+--------------------+-----------+---------------+----------------------+------------------------+------------+----------------------------+
; 8:1                ; 2 bits    ; 10 LEs        ; 8 LEs                ; 2 LEs                  ; No         ; |ULAcompleta|mux81:M5|Mux1 ;
+--------------------+-----------+---------------+----------------------+------------------------+------------+----------------------------+


+----------------------------------------+
; Port Connectivity Checks: "mux81:M5"   ;
+------+-------+----------+--------------+
; Port ; Type  ; Severity ; Details      ;
+------+-------+----------+--------------+
; h    ; Input ; Info     ; Stuck at GND ;
+------+-------+----------+--------------+


+------------------------------------------------+
; Port Connectivity Checks: "shifter:M1|mux:Mr3" ;
+------+-------+----------+----------------------+
; Port ; Type  ; Severity ; Details              ;
+------+-------+----------+----------------------+
; a    ; Input ; Info     ; Stuck at GND         ;
+------+-------+----------+----------------------+


+------------------------------------------------+
; Port Connectivity Checks: "shifter:M1|mux:Ml0" ;
+------+-------+----------+----------------------+
; Port ; Type  ; Severity ; Details              ;
+------+-------+----------+----------------------+
; b    ; Input ; Info     ; Stuck at GND         ;
+------+-------+----------+----------------------+


+-----------------------------------------------------------------------------------------------------------------+
; Port Connectivity Checks: "sumsub:M0|fulladder:F3"                                                              ;
+-------+--------+----------+-------------------------------------------------------------------------------------+
; Port  ; Type   ; Severity ; Details                                                                             ;
+-------+--------+----------+-------------------------------------------------------------------------------------+
; c_out ; Output ; Info     ; Connected to dangling logic. Logic that only feeds a dangling port will be removed. ;
+-------+--------+----------+-------------------------------------------------------------------------------------+


+-------------------------------+
; Elapsed Time Per Partition    ;
+----------------+--------------+
; Partition Name ; Elapsed Time ;
+----------------+--------------+
; Top            ; 00:00:00     ;
+----------------+--------------+


+-------------------------------+
; Analysis & Synthesis Messages ;
+-------------------------------+
Info: *******************************************************************
Info: Running Quartus II 64-Bit Analysis & Synthesis
    Info: Version 13.0.1 Build 232 06/12/2013 Service Pack 1 SJ Web Edition
    Info: Processing started: Fri Mar 15 13:12:11 2024
Info: Command: quartus_map --read_settings_files=on --write_settings_files=off ULAcompleta -c ULAcompleta
Warning (20028): Parallel compilation is not licensed and has been disabled
Info (12021): Found 2 design units, including 1 entities, in source file fulladder.vhd
    Info (12022): Found design unit 1: fulladder-arq_fulladder
    Info (12023): Found entity 1: fulladder
Info (12021): Found 2 design units, including 1 entities, in source file mux81.vhd
    Info (12022): Found design unit 1: mux81-mux81_arch
    Info (12023): Found entity 1: mux81
Info (12021): Found 2 design units, including 1 entities, in source file sumsub.vhd
    Info (12022): Found design unit 1: sumsub-sumsub_arch
    Info (12023): Found entity 1: sumsub
Warning (12090): Entity "mux" obtained from "mux.vhd" instead of from Quartus II megafunction library
Info (12021): Found 2 design units, including 1 entities, in source file mux.vhd
    Info (12022): Found design unit 1: mux-mux_arch
    Info (12023): Found entity 1: mux
Info (12021): Found 2 design units, including 1 entities, in source file shifter.vhd
    Info (12022): Found design unit 1: shifter-shifter_arch
    Info (12023): Found entity 1: shifter
Info (12021): Found 2 design units, including 1 entities, in source file ulacompleta.vhd
    Info (12022): Found design unit 1: ULAcompleta-ULAcompleta_arch
    Info (12023): Found entity 1: ULAcompleta
Info (12021): Found 2 design units, including 1 entities, in source file andgate.vhd
    Info (12022): Found design unit 1: andgate-andgate_arch
    Info (12023): Found entity 1: andgate
Info (12021): Found 2 design units, including 1 entities, in source file orgate.vhd
    Info (12022): Found design unit 1: orgate-orgate_arch
    Info (12023): Found entity 1: orgate
Info (12021): Found 2 design units, including 1 entities, in source file notgate.vhd
    Info (12022): Found design unit 1: notgate-notgate_arch
    Info (12023): Found entity 1: notgate
Info (12021): Found 2 design units, including 1 entities, in source file zerodetect.vhd
    Info (12022): Found design unit 1: zerodetect-zerodetect_arch
    Info (12023): Found entity 1: zerodetect
Info (12021): Found 2 design units, including 1 entities, in source file decoder.vhd
    Info (12022): Found design unit 1: decoder-decoder_arch
    Info (12023): Found entity 1: decoder
Info (12127): Elaborating entity "ULAcompleta" for the top level hierarchy
Warning (10541): VHDL Signal Declaration warning at ULAcompleta.vhd(10): used implicit default value for signal "c" because signal was never assigned a value or an explicit default value. Use of implicit default value may introduce unintended design optimizations.
Warning (10541): VHDL Signal Declaration warning at ULAcompleta.vhd(10): used implicit default value for signal "v" because signal was never assigned a value or an explicit default value. Use of implicit default value may introduce unintended design optimizations.
Info (12128): Elaborating entity "sumsub" for hierarchy "sumsub:M0"
Info (12128): Elaborating entity "fulladder" for hierarchy "sumsub:M0|fulladder:F0"
Info (12128): Elaborating entity "shifter" for hierarchy "shifter:M1"
Info (12128): Elaborating entity "mux" for hierarchy "shifter:M1|mux:Ml0"
Info (12128): Elaborating entity "andgate" for hierarchy "andgate:M2"
Info (12128): Elaborating entity "orgate" for hierarchy "orgate:M3"
Info (12128): Elaborating entity "notgate" for hierarchy "notgate:M4"
Info (12128): Elaborating entity "mux81" for hierarchy "mux81:M5"
Info (12128): Elaborating entity "zerodetect" for hierarchy "zerodetect:M6"
Info (12128): Elaborating entity "decoder" for hierarchy "decoder:M7"
Warning (13024): Output pins are stuck at VCC or GND
    Warning (13410): Pin "c" is stuck at GND
    Warning (13410): Pin "v" is stuck at GND
    Warning (13410): Pin "disp1[0]" is stuck at VCC
    Warning (13410): Pin "disp1[1]" is stuck at VCC
    Warning (13410): Pin "disp1[2]" is stuck at VCC
    Warning (13410): Pin "disp1[3]" is stuck at VCC
    Warning (13410): Pin "disp1[4]" is stuck at VCC
    Warning (13410): Pin "disp1[5]" is stuck at VCC
Info (16010): Generating hard_block partition "hard_block:auto_generated_inst"
    Info (16011): Adding 0 node(s), including 0 DDIO, 0 PLL, 0 transceiver and 0 LCELL
Info (21057): Implemented 68 device resources after synthesis - the final resource count might be different
    Info (21058): Implemented 11 input pins
    Info (21059): Implemented 22 output pins
    Info (21061): Implemented 35 logic cells
Info: Quartus II 64-Bit Analysis & Synthesis was successful. 0 errors, 13 warnings
    Info: Peak virtual memory: 4655 megabytes
    Info: Processing ended: Fri Mar 15 13:12:12 2024
    Info: Elapsed time: 00:00:01
    Info: Total CPU time (on all processors): 00:00:02


